[ 2016-12-13T10:57:22+08:00 ] 127.0.0.1 /base/index.php/home/value/jqplot/jquery.jqplot.min.js
ERR: 非法操作:jqplot

[ 2016-12-13T10:57:22+08:00 ] 127.0.0.1 /base/index.php/home/value/jqplot/jquery.jqplot.min.css
ERR: 非法操作:jqplot

[ 2016-12-13T10:57:22+08:00 ] 127.0.0.1 /base/index.php/home/value/jqplot/jqplot.canvasTextRenderer.js
ERR: 非法操作:jqplot

[ 2016-12-13T10:57:22+08:00 ] 127.0.0.1 /base/index.php/home/value/jqplot/jqplot.canvasAxisLabelRenderer.js
ERR: 非法操作:jqplot

[ 2016-12-13T10:57:22+08:00 ] 127.0.0.1 /base/index.php/home/value/jqplot/jquery.jqplot.min.js
ERR: 非法操作:jqplot

[ 2016-12-13T10:57:22+08:00 ] 127.0.0.1 /base/index.php/home/value/jqplot/jqplot.canvasTextRenderer.js
ERR: 非法操作:jqplot

[ 2016-12-13T10:57:22+08:00 ] 127.0.0.1 /base/index.php/home/value/jqplot/jqplot.canvasAxisLabelRenderer.js
ERR: 非法操作:jqplot

[ 2016-12-13T11:35:33+08:00 ] 127.0.0.1 /base/index.php/home/value/value
INFO: [ app_begin ] --START--
INFO: Run Behavior\ReadHtmlCacheBehavior [ RunTime:0.000501s ]
INFO: [ app_begin ] --END-- [ RunTime:0.000866s ]
SQL: SHOW COLUMNS FROM `access` [ RunTime:0.0036s ]
SQL: SELECT * FROM `access` WHERE ( devid = 11 and time BETWEEN 1481558400 AND 1481600133 )  [ RunTime:0.0007s ]
SQL: SHOW COLUMNS FROM `access` [ RunTime:0.0034s ]
SQL: SELECT * FROM `access` WHERE ( devid = 11 and time BETWEEN 1481472000 AND 1482076799 ) ORDER BY id desc  [ RunTime:0.0005s ]
SQL: SELECT * FROM `access` WHERE ( devid = 11 and time BETWEEN 1480521600 AND 1483199999 ) ORDER BY id desc  [ RunTime:0.0003s ]
SQL: SELECT * FROM `access` WHERE ( devid = 11 and time BETWEEN 1451577600 AND 1483199999 ) ORDER BY id desc  [ RunTime:0.0004s ]
SQL: SELECT * FROM `access` WHERE ( devid = 11 and time BETWEEN 1481472000 AND 1481558399 )  [ RunTime:0.0004s ]
SQL: SELECT * FROM `access` WHERE ( devid = 11 and time BETWEEN 1480867200 AND 1481471999 ) ORDER BY id desc  [ RunTime:0.0004s ]
SQL: SELECT * FROM `access` WHERE ( devid = 11 and time BETWEEN 1477929600 AND 1480521600 ) ORDER BY id desc  [ RunTime:0.0003s ]
SQL: SELECT * FROM `access` WHERE ( devid = 11 and time BETWEEN 1420041600 AND 1451577599 ) ORDER BY id desc  [ RunTime:0.0003s ]
SQL: SELECT * FROM `access` WHERE ( devid = 11 and time BETWEEN 1481385600 AND 1481471999 )  [ RunTime:0.0003s ]
SQL: SELECT * FROM `access` WHERE ( devid = 11 and time BETWEEN 1480262400 AND 1480867199 ) ORDER BY id desc  [ RunTime:0.0004s ]
SQL: SELECT * FROM `access` WHERE ( devid = 11 and time BETWEEN 1475251200 AND 1477929600 ) ORDER BY id desc  [ RunTime:0.0003s ]
SQL: SELECT * FROM `access` WHERE ( devid = 11 and time BETWEEN 1388505600 AND 1420041599 ) ORDER BY id desc  [ RunTime:0.0003s ]
SQL: SELECT * FROM `access` WHERE ( devid = 11 and time BETWEEN 1481299200 AND 1481385599 )  [ RunTime:0.0003s ]
SQL: SELECT * FROM `access` WHERE ( devid = 11 and time BETWEEN 1479657600 AND 1480262399 ) ORDER BY id desc  [ RunTime:0.0003s ]
SQL: SELECT * FROM `access` WHERE ( devid = 11 and time BETWEEN 1472659200 AND 1475251200 ) ORDER BY id desc  [ RunTime:0.0003s ]
SQL: SELECT * FROM `access` WHERE ( devid = 11 and time BETWEEN 1356969600 AND 1388505599 ) ORDER BY id desc  [ RunTime:0.0003s ]
SQL: SELECT * FROM `access` WHERE ( devid = 11 and time BETWEEN 1481212800 AND 1481299199 )  [ RunTime:0.0003s ]
SQL: SELECT * FROM `access` WHERE ( devid = 11 and time BETWEEN 1479052800 AND 1479657599 ) ORDER BY id desc  [ RunTime:0.0003s ]
SQL: SELECT * FROM `access` WHERE ( devid = 11 and time BETWEEN 1469980800 AND 1472659200 ) ORDER BY id desc  [ RunTime:0.0003s ]
SQL: SELECT * FROM `access` WHERE ( devid = 11 and time BETWEEN 1325347200 AND 1356969599 ) ORDER BY id desc  [ RunTime:0.0003s ]
SQL: SELECT * FROM `access` WHERE ( devid = 11 and time BETWEEN 1481126400 AND 1481212799 )  [ RunTime:0.0003s ]
SQL: SELECT * FROM `access` WHERE ( devid = 11 and time BETWEEN 1478448000 AND 1479052799 ) ORDER BY id desc  [ RunTime:0.0003s ]
SQL: SELECT * FROM `access` WHERE ( devid = 11 and time BETWEEN 1467302400 AND 1469980800 ) ORDER BY id desc  [ RunTime:0.0003s ]
SQL: SELECT * FROM `access` WHERE ( devid = 11 and time BETWEEN 1293811200 AND 1325347199 ) ORDER BY id desc  [ RunTime:0.0003s ]
SQL: SELECT * FROM `access` WHERE ( devid = 11 and time BETWEEN 1481040000 AND 1481126399 )  [ RunTime:0.0004s ]
SQL: SELECT * FROM `access` WHERE ( devid = 11 and time BETWEEN 1477843200 AND 1478447999 ) ORDER BY id desc  [ RunTime:0.0003s ]
SQL: SELECT * FROM `access` WHERE ( devid = 11 and time BETWEEN 1464710400 AND 1467302400 ) ORDER BY id desc  [ RunTime:0.0003s ]
SQL: SELECT * FROM `access` WHERE ( devid = 11 and time BETWEEN 1262275200 AND 1293811199 ) ORDER BY id desc  [ RunTime:0.0003s ]
SQL: SELECT * FROM `access` WHERE ( devid = 11 and time BETWEEN 1480953600 AND 1481039999 )  [ RunTime:0.0003s ]
SQL: SELECT * FROM `access` WHERE ( devid = 11 and time BETWEEN 1477238400 AND 1477843199 ) ORDER BY id desc  [ RunTime:0.0003s ]
SQL: SELECT * FROM `access` WHERE ( devid = 11 and time BETWEEN 1462032000 AND 1464710400 ) ORDER BY id desc  [ RunTime:0.0003s ]
SQL: SELECT * FROM `access` WHERE ( devid = 11 and time BETWEEN 1230739200 AND 1262275199 ) ORDER BY id desc  [ RunTime:0.0003s ]
INFO: [ view_parse ] --START--
NOTIC: [8] Undefined index: value D:\amp\apache\htdocs\base\Runtime\Cache\0f86734de7919194311275e72cd784100da3a4fe.file.value.html.php 第 58 行.
NOTIC: [8] Trying to get property of non-object D:\amp\apache\htdocs\base\Runtime\Cache\0f86734de7919194311275e72cd784100da3a4fe.file.value.html.php 第 58 行.
INFO: Run Behavior\ParseTemplateBehavior [ RunTime:0.008868s ]
INFO: [ view_parse ] --END-- [ RunTime:0.008926s ]
INFO: [ view_filter ] --START--
INFO: Run Behavior\WriteHtmlCacheBehavior [ RunTime:0.000266s ]
INFO: [ view_filter ] --END-- [ RunTime:0.000307s ]
INFO: [ app_end ] --START--
INFO: Run Behavior\ShowPageTraceBehavior [ RunTime:0.000485s ]
INFO: [ app_end ] --END-- [ RunTime:0.000533s ]

[ 2016-12-13T11:36:40+08:00 ] 127.0.0.1 /base/index.php/home/value/value
INFO: [ app_begin ] --START--
INFO: Run Behavior\ReadHtmlCacheBehavior [ RunTime:0.000485s ]
INFO: [ app_begin ] --END-- [ RunTime:0.000882s ]
SQL: SHOW COLUMNS FROM `access` [ RunTime:0.0041s ]
SQL: SELECT * FROM `access` WHERE ( devid = 11 and time BETWEEN 1481558400 AND 1481600200 )  [ RunTime:0.0009s ]
SQL: SHOW COLUMNS FROM `access` [ RunTime:0.0041s ]
SQL: SELECT * FROM `access` WHERE ( devid = 11 and time BETWEEN 1481472000 AND 1482076799 ) ORDER BY id desc  [ RunTime:0.0005s ]
SQL: SELECT * FROM `access` WHERE ( devid = 11 and time BETWEEN 1480521600 AND 1483199999 ) ORDER BY id desc  [ RunTime:0.0004s ]
SQL: SELECT * FROM `access` WHERE ( devid = 11 and time BETWEEN 1451577600 AND 1483199999 ) ORDER BY id desc  [ RunTime:0.0003s ]
SQL: SELECT * FROM `access` WHERE ( devid = 11 and time BETWEEN 1481472000 AND 1481558399 )  [ RunTime:0.0003s ]
SQL: SELECT * FROM `access` WHERE ( devid = 11 and time BETWEEN 1480867200 AND 1481471999 ) ORDER BY id desc  [ RunTime:0.0004s ]
SQL: SELECT * FROM `access` WHERE ( devid = 11 and time BETWEEN 1477929600 AND 1480521600 ) ORDER BY id desc  [ RunTime:0.0004s ]
SQL: SELECT * FROM `access` WHERE ( devid = 11 and time BETWEEN 1420041600 AND 1451577599 ) ORDER BY id desc  [ RunTime:0.0003s ]
SQL: SELECT * FROM `access` WHERE ( devid = 11 and time BETWEEN 1481385600 AND 1481471999 )  [ RunTime:0.0003s ]
SQL: SELECT * FROM `access` WHERE ( devid = 11 and time BETWEEN 1480262400 AND 1480867199 ) ORDER BY id desc  [ RunTime:0.0005s ]
SQL: SELECT * FROM `access` WHERE ( devid = 11 and time BETWEEN 1475251200 AND 1477929600 ) ORDER BY id desc  [ RunTime:0.0004s ]
SQL: SELECT * FROM `access` WHERE ( devid = 11 and time BETWEEN 1388505600 AND 1420041599 ) ORDER BY id desc  [ RunTime:0.0003s ]
SQL: SELECT * FROM `access` WHERE ( devid = 11 and time BETWEEN 1481299200 AND 1481385599 )  [ RunTime:0.0003s ]
SQL: SELECT * FROM `access` WHERE ( devid = 11 and time BETWEEN 1479657600 AND 1480262399 ) ORDER BY id desc  [ RunTime:0.0003s ]
SQL: SELECT * FROM `access` WHERE ( devid = 11 and time BETWEEN 1472659200 AND 1475251200 ) ORDER BY id desc  [ RunTime:0.0003s ]
SQL: SELECT * FROM `access` WHERE ( devid = 11 and time BETWEEN 1356969600 AND 1388505599 ) ORDER BY id desc  [ RunTime:0.0006s ]
SQL: SELECT * FROM `access` WHERE ( devid = 11 and time BETWEEN 1481212800 AND 1481299199 )  [ RunTime:0.0005s ]
SQL: SELECT * FROM `access` WHERE ( devid = 11 and time BETWEEN 1479052800 AND 1479657599 ) ORDER BY id desc  [ RunTime:0.0004s ]
SQL: SELECT * FROM `access` WHERE ( devid = 11 and time BETWEEN 1469980800 AND 1472659200 ) ORDER BY id desc  [ RunTime:0.0005s ]
SQL: SELECT * FROM `access` WHERE ( devid = 11 and time BETWEEN 1325347200 AND 1356969599 ) ORDER BY id desc  [ RunTime:0.0005s ]
SQL: SELECT * FROM `access` WHERE ( devid = 11 and time BETWEEN 1481126400 AND 1481212799 )  [ RunTime:0.0004s ]
SQL: SELECT * FROM `access` WHERE ( devid = 11 and time BETWEEN 1478448000 AND 1479052799 ) ORDER BY id desc  [ RunTime:0.0004s ]
SQL: SELECT * FROM `access` WHERE ( devid = 11 and time BETWEEN 1467302400 AND 1469980800 ) ORDER BY id desc  [ RunTime:0.0004s ]
SQL: SELECT * FROM `access` WHERE ( devid = 11 and time BETWEEN 1293811200 AND 1325347199 ) ORDER BY id desc  [ RunTime:0.0004s ]
SQL: SELECT * FROM `access` WHERE ( devid = 11 and time BETWEEN 1481040000 AND 1481126399 )  [ RunTime:0.0004s ]
SQL: SELECT * FROM `access` WHERE ( devid = 11 and time BETWEEN 1477843200 AND 1478447999 ) ORDER BY id desc  [ RunTime:0.0003s ]
SQL: SELECT * FROM `access` WHERE ( devid = 11 and time BETWEEN 1464710400 AND 1467302400 ) ORDER BY id desc  [ RunTime:0.0003s ]
SQL: SELECT * FROM `access` WHERE ( devid = 11 and time BETWEEN 1262275200 AND 1293811199 ) ORDER BY id desc  [ RunTime:0.0004s ]
SQL: SELECT * FROM `access` WHERE ( devid = 11 and time BETWEEN 1480953600 AND 1481039999 )  [ RunTime:0.0003s ]
SQL: SELECT * FROM `access` WHERE ( devid = 11 and time BETWEEN 1477238400 AND 1477843199 ) ORDER BY id desc  [ RunTime:0.0004s ]
SQL: SELECT * FROM `access` WHERE ( devid = 11 and time BETWEEN 1462032000 AND 1464710400 ) ORDER BY id desc  [ RunTime:0.0003s ]
SQL: SELECT * FROM `access` WHERE ( devid = 11 and time BETWEEN 1230739200 AND 1262275199 ) ORDER BY id desc  [ RunTime:0.0006s ]
INFO: [ view_parse ] --START--
NOTIC: [8] Undefined index: value D:\amp\apache\htdocs\base\Runtime\Cache\0f86734de7919194311275e72cd784100da3a4fe.file.value.html.php 第 58 行.
NOTIC: [8] Trying to get property of non-object D:\amp\apache\htdocs\base\Runtime\Cache\0f86734de7919194311275e72cd784100da3a4fe.file.value.html.php 第 58 行.
INFO: Run Behavior\ParseTemplateBehavior [ RunTime:0.009510s ]
INFO: [ view_parse ] --END-- [ RunTime:0.009571s ]
INFO: [ view_filter ] --START--
INFO: Run Behavior\WriteHtmlCacheBehavior [ RunTime:0.000331s ]
INFO: [ view_filter ] --END-- [ RunTime:0.000381s ]
INFO: [ app_end ] --START--
INFO: Run Behavior\ShowPageTraceBehavior [ RunTime:0.000529s ]
INFO: [ app_end ] --END-- [ RunTime:0.000587s ]

[ 2016-12-13T11:48:02+08:00 ] 127.0.0.1 /base/index.php/Home/Value/value
INFO: [ app_begin ] --START--
INFO: Run Behavior\ReadHtmlCacheBehavior [ RunTime:0.000532s ]
INFO: [ app_begin ] --END-- [ RunTime:0.000926s ]
SQL: SHOW COLUMNS FROM `access` [ RunTime:0.0038s ]
SQL: SELECT * FROM `access` WHERE ( devid = 11 and time BETWEEN 1481558400 AND 1481600882 )  [ RunTime:0.0006s ]
SQL: SHOW COLUMNS FROM `access` [ RunTime:0.0039s ]
SQL: SELECT * FROM `access` WHERE ( devid = 11 and time BETWEEN 1481472000 AND 1482076799 ) ORDER BY id desc  [ RunTime:0.0009s ]
SQL: SELECT * FROM `access` WHERE ( devid = 11 and time BETWEEN 1480521600 AND 1483199999 ) ORDER BY id desc  [ RunTime:0.0008s ]
SQL: SELECT * FROM `access` WHERE ( devid = 11 and time BETWEEN 1451577600 AND 1483199999 ) ORDER BY id desc  [ RunTime:0.0005s ]
SQL: SELECT * FROM `access` WHERE ( devid = 11 and time BETWEEN 1481472000 AND 1481558399 )  [ RunTime:0.0004s ]
SQL: SELECT * FROM `access` WHERE ( devid = 11 and time BETWEEN 1480867200 AND 1481471999 ) ORDER BY id desc  [ RunTime:0.0004s ]
SQL: SELECT * FROM `access` WHERE ( devid = 11 and time BETWEEN 1477929600 AND 1480521600 ) ORDER BY id desc  [ RunTime:0.0004s ]
SQL: SELECT * FROM `access` WHERE ( devid = 11 and time BETWEEN 1420041600 AND 1451577599 ) ORDER BY id desc  [ RunTime:0.0004s ]
SQL: SELECT * FROM `access` WHERE ( devid = 11 and time BETWEEN 1481385600 AND 1481471999 )  [ RunTime:0.0011s ]
SQL: SELECT * FROM `access` WHERE ( devid = 11 and time BETWEEN 1480262400 AND 1480867199 ) ORDER BY id desc  [ RunTime:0.0007s ]
SQL: SELECT * FROM `access` WHERE ( devid = 11 and time BETWEEN 1475251200 AND 1477929600 ) ORDER BY id desc  [ RunTime:0.0004s ]
SQL: SELECT * FROM `access` WHERE ( devid = 11 and time BETWEEN 1388505600 AND 1420041599 ) ORDER BY id desc  [ RunTime:0.0004s ]
SQL: SELECT * FROM `access` WHERE ( devid = 11 and time BETWEEN 1481299200 AND 1481385599 )  [ RunTime:0.0004s ]
SQL: SELECT * FROM `access` WHERE ( devid = 11 and time BETWEEN 1479657600 AND 1480262399 ) ORDER BY id desc  [ RunTime:0.0004s ]
SQL: SELECT * FROM `access` WHERE ( devid = 11 and time BETWEEN 1472659200 AND 1475251200 ) ORDER BY id desc  [ RunTime:0.0003s ]
SQL: SELECT * FROM `access` WHERE ( devid = 11 and time BETWEEN 1356969600 AND 1388505599 ) ORDER BY id desc  [ RunTime:0.0003s ]
SQL: SELECT * FROM `access` WHERE ( devid = 11 and time BETWEEN 1481212800 AND 1481299199 )  [ RunTime:0.0003s ]
SQL: SELECT * FROM `access` WHERE ( devid = 11 and time BETWEEN 1479052800 AND 1479657599 ) ORDER BY id desc  [ RunTime:0.0003s ]
SQL: SELECT * FROM `access` WHERE ( devid = 11 and time BETWEEN 1469980800 AND 1472659200 ) ORDER BY id desc  [ RunTime:0.0003s ]
SQL: SELECT * FROM `access` WHERE ( devid = 11 and time BETWEEN 1325347200 AND 1356969599 ) ORDER BY id desc  [ RunTime:0.0003s ]
SQL: SELECT * FROM `access` WHERE ( devid = 11 and time BETWEEN 1481126400 AND 1481212799 )  [ RunTime:0.0003s ]
SQL: SELECT * FROM `access` WHERE ( devid = 11 and time BETWEEN 1478448000 AND 1479052799 ) ORDER BY id desc  [ RunTime:0.0003s ]
SQL: SELECT * FROM `access` WHERE ( devid = 11 and time BETWEEN 1467302400 AND 1469980800 ) ORDER BY id desc  [ RunTime:0.0003s ]
SQL: SELECT * FROM `access` WHERE ( devid = 11 and time BETWEEN 1293811200 AND 1325347199 ) ORDER BY id desc  [ RunTime:0.0003s ]
SQL: SELECT * FROM `access` WHERE ( devid = 11 and time BETWEEN 1481040000 AND 1481126399 )  [ RunTime:0.0003s ]
SQL: SELECT * FROM `access` WHERE ( devid = 11 and time BETWEEN 1477843200 AND 1478447999 ) ORDER BY id desc  [ RunTime:0.0003s ]
SQL: SELECT * FROM `access` WHERE ( devid = 11 and time BETWEEN 1464710400 AND 1467302400 ) ORDER BY id desc  [ RunTime:0.0004s ]
SQL: SELECT * FROM `access` WHERE ( devid = 11 and time BETWEEN 1262275200 AND 1293811199 ) ORDER BY id desc  [ RunTime:0.0005s ]
SQL: SELECT * FROM `access` WHERE ( devid = 11 and time BETWEEN 1480953600 AND 1481039999 )  [ RunTime:0.0004s ]
SQL: SELECT * FROM `access` WHERE ( devid = 11 and time BETWEEN 1477238400 AND 1477843199 ) ORDER BY id desc  [ RunTime:0.0004s ]
SQL: SELECT * FROM `access` WHERE ( devid = 11 and time BETWEEN 1462032000 AND 1464710400 ) ORDER BY id desc  [ RunTime:0.0003s ]
SQL: SELECT * FROM `access` WHERE ( devid = 11 and time BETWEEN 1230739200 AND 1262275199 ) ORDER BY id desc  [ RunTime:0.0003s ]
INFO: [ view_parse ] --START--
NOTIC: [8] Undefined index: value D:\amp\apache\htdocs\base\Runtime\Cache\0f86734de7919194311275e72cd784100da3a4fe.file.value.html.php 第 58 行.
NOTIC: [8] Trying to get property of non-object D:\amp\apache\htdocs\base\Runtime\Cache\0f86734de7919194311275e72cd784100da3a4fe.file.value.html.php 第 58 行.
INFO: Run Behavior\ParseTemplateBehavior [ RunTime:0.009397s ]
INFO: [ view_parse ] --END-- [ RunTime:0.009460s ]
INFO: [ view_filter ] --START--
INFO: Run Behavior\WriteHtmlCacheBehavior [ RunTime:0.000260s ]
INFO: [ view_filter ] --END-- [ RunTime:0.000301s ]
INFO: [ app_end ] --START--
INFO: Run Behavior\ShowPageTraceBehavior [ RunTime:0.000482s ]
INFO: [ app_end ] --END-- [ RunTime:0.000529s ]

[ 2016-12-13T11:51:26+08:00 ] 127.0.0.1 /base/index.php/Home/Value/value
INFO: [ app_begin ] --START--
INFO: Run Behavior\ReadHtmlCacheBehavior [ RunTime:0.000510s ]
INFO: [ app_begin ] --END-- [ RunTime:0.000864s ]
SQL: SHOW COLUMNS FROM `access` [ RunTime:0.0049s ]
SQL: SELECT * FROM `access` WHERE ( devid = 11 and time BETWEEN 1481558400 AND 1481601086 )  [ RunTime:0.0009s ]
SQL: SHOW COLUMNS FROM `access` [ RunTime:0.0036s ]
SQL: SELECT * FROM `access` WHERE ( devid = 11 and time BETWEEN 1481472000 AND 1482076799 ) ORDER BY id desc  [ RunTime:0.0005s ]
SQL: SELECT * FROM `access` WHERE ( devid = 11 and time BETWEEN 1480521600 AND 1483199999 ) ORDER BY id desc  [ RunTime:0.0003s ]
SQL: SELECT * FROM `access` WHERE ( devid = 11 and time BETWEEN 1451577600 AND 1483199999 ) ORDER BY id desc  [ RunTime:0.0003s ]
SQL: SELECT * FROM `access` WHERE ( devid = 11 and time BETWEEN 1481472000 AND 1481558399 )  [ RunTime:0.0003s ]
SQL: SELECT * FROM `access` WHERE ( devid = 11 and time BETWEEN 1480867200 AND 1481471999 ) ORDER BY id desc  [ RunTime:0.0003s ]
SQL: SELECT * FROM `access` WHERE ( devid = 11 and time BETWEEN 1477929600 AND 1480521600 ) ORDER BY id desc  [ RunTime:0.0003s ]
SQL: SELECT * FROM `access` WHERE ( devid = 11 and time BETWEEN 1420041600 AND 1451577599 ) ORDER BY id desc  [ RunTime:0.0004s ]
SQL: SELECT * FROM `access` WHERE ( devid = 11 and time BETWEEN 1481385600 AND 1481471999 )  [ RunTime:0.0003s ]
SQL: SELECT * FROM `access` WHERE ( devid = 11 and time BETWEEN 1480262400 AND 1480867199 ) ORDER BY id desc  [ RunTime:0.0003s ]
SQL: SELECT * FROM `access` WHERE ( devid = 11 and time BETWEEN 1475251200 AND 1477929600 ) ORDER BY id desc  [ RunTime:0.0003s ]
SQL: SELECT * FROM `access` WHERE ( devid = 11 and time BETWEEN 1388505600 AND 1420041599 ) ORDER BY id desc  [ RunTime:0.0004s ]
SQL: SELECT * FROM `access` WHERE ( devid = 11 and time BETWEEN 1481299200 AND 1481385599 )  [ RunTime:0.0004s ]
SQL: SELECT * FROM `access` WHERE ( devid = 11 and time BETWEEN 1479657600 AND 1480262399 ) ORDER BY id desc  [ RunTime:0.0003s ]
SQL: SELECT * FROM `access` WHERE ( devid = 11 and time BETWEEN 1472659200 AND 1475251200 ) ORDER BY id desc  [ RunTime:0.0003s ]
SQL: SELECT * FROM `access` WHERE ( devid = 11 and time BETWEEN 1356969600 AND 1388505599 ) ORDER BY id desc  [ RunTime:0.0003s ]
SQL: SELECT * FROM `access` WHERE ( devid = 11 and time BETWEEN 1481212800 AND 1481299199 )  [ RunTime:0.0003s ]
SQL: SELECT * FROM `access` WHERE ( devid = 11 and time BETWEEN 1479052800 AND 1479657599 ) ORDER BY id desc  [ RunTime:0.0004s ]
SQL: SELECT * FROM `access` WHERE ( devid = 11 and time BETWEEN 1469980800 AND 1472659200 ) ORDER BY id desc  [ RunTime:0.0004s ]
SQL: SELECT * FROM `access` WHERE ( devid = 11 and time BETWEEN 1325347200 AND 1356969599 ) ORDER BY id desc  [ RunTime:0.0004s ]
SQL: SELECT * FROM `access` WHERE ( devid = 11 and time BETWEEN 1481126400 AND 1481212799 )  [ RunTime:0.0006s ]
SQL: SELECT * FROM `access` WHERE ( devid = 11 and time BETWEEN 1478448000 AND 1479052799 ) ORDER BY id desc  [ RunTime:0.0005s ]
SQL: SELECT * FROM `access` WHERE ( devid = 11 and time BETWEEN 1467302400 AND 1469980800 ) ORDER BY id desc  [ RunTime:0.0003s ]
SQL: SELECT * FROM `access` WHERE ( devid = 11 and time BETWEEN 1293811200 AND 1325347199 ) ORDER BY id desc  [ RunTime:0.0003s ]
SQL: SELECT * FROM `access` WHERE ( devid = 11 and time BETWEEN 1481040000 AND 1481126399 )  [ RunTime:0.0003s ]
SQL: SELECT * FROM `access` WHERE ( devid = 11 and time BETWEEN 1477843200 AND 1478447999 ) ORDER BY id desc  [ RunTime:0.0003s ]
SQL: SELECT * FROM `access` WHERE ( devid = 11 and time BETWEEN 1464710400 AND 1467302400 ) ORDER BY id desc  [ RunTime:0.0003s ]
SQL: SELECT * FROM `access` WHERE ( devid = 11 and time BETWEEN 1262275200 AND 1293811199 ) ORDER BY id desc  [ RunTime:0.0003s ]
SQL: SELECT * FROM `access` WHERE ( devid = 11 and time BETWEEN 1480953600 AND 1481039999 )  [ RunTime:0.0003s ]
SQL: SELECT * FROM `access` WHERE ( devid = 11 and time BETWEEN 1477238400 AND 1477843199 ) ORDER BY id desc  [ RunTime:0.0003s ]
SQL: SELECT * FROM `access` WHERE ( devid = 11 and time BETWEEN 1462032000 AND 1464710400 ) ORDER BY id desc  [ RunTime:0.0003s ]
SQL: SELECT * FROM `access` WHERE ( devid = 11 and time BETWEEN 1230739200 AND 1262275199 ) ORDER BY id desc  [ RunTime:0.0003s ]
INFO: [ view_parse ] --START--
NOTIC: [8] Undefined index: value D:\amp\apache\htdocs\base\Runtime\Cache\0f86734de7919194311275e72cd784100da3a4fe.file.value.html.php 第 58 行.
NOTIC: [8] Trying to get property of non-object D:\amp\apache\htdocs\base\Runtime\Cache\0f86734de7919194311275e72cd784100da3a4fe.file.value.html.php 第 58 行.
INFO: Run Behavior\ParseTemplateBehavior [ RunTime:0.009534s ]
INFO: [ view_parse ] --END-- [ RunTime:0.009611s ]
INFO: [ view_filter ] --START--
INFO: Run Behavior\WriteHtmlCacheBehavior [ RunTime:0.000385s ]
INFO: [ view_filter ] --END-- [ RunTime:0.000436s ]
INFO: [ app_end ] --START--
INFO: Run Behavior\ShowPageTraceBehavior [ RunTime:0.000655s ]
INFO: [ app_end ] --END-- [ RunTime:0.000719s ]

[ 2016-12-13T11:55:10+08:00 ] 127.0.0.1 /base/index.php/Home/Value/value
INFO: [ app_begin ] --START--
INFO: Run Behavior\ReadHtmlCacheBehavior [ RunTime:0.000510s ]
INFO: [ app_begin ] --END-- [ RunTime:0.000879s ]
SQL: SHOW COLUMNS FROM `access` [ RunTime:0.0039s ]
SQL: SELECT * FROM `access` WHERE ( devid = 11 and time BETWEEN 1481558400 AND 1481601310 )  [ RunTime:0.0007s ]
SQL: SHOW COLUMNS FROM `access` [ RunTime:0.0040s ]
SQL: SELECT * FROM `access` WHERE ( devid = 11 and time BETWEEN 1481472000 AND 1482076799 ) ORDER BY id desc  [ RunTime:0.0004s ]
SQL: SELECT * FROM `access` WHERE ( devid = 11 and time BETWEEN 1480521600 AND 1483199999 ) ORDER BY id desc  [ RunTime:0.0003s ]
SQL: SELECT * FROM `access` WHERE ( devid = 11 and time BETWEEN 1451577600 AND 1483199999 ) ORDER BY id desc  [ RunTime:0.0003s ]
SQL: SELECT * FROM `access` WHERE ( devid = 11 and time BETWEEN 1481472000 AND 1481558399 )  [ RunTime:0.0004s ]
SQL: SELECT * FROM `access` WHERE ( devid = 11 and time BETWEEN 1480867200 AND 1481471999 ) ORDER BY id desc  [ RunTime:0.0005s ]
SQL: SELECT * FROM `access` WHERE ( devid = 11 and time BETWEEN 1477929600 AND 1480521600 ) ORDER BY id desc  [ RunTime:0.0005s ]
SQL: SELECT * FROM `access` WHERE ( devid = 11 and time BETWEEN 1420041600 AND 1451577599 ) ORDER BY id desc  [ RunTime:0.0005s ]
SQL: SELECT * FROM `access` WHERE ( devid = 11 and time BETWEEN 1481385600 AND 1481471999 )  [ RunTime:0.0004s ]
SQL: SELECT * FROM `access` WHERE ( devid = 11 and time BETWEEN 1480262400 AND 1480867199 ) ORDER BY id desc  [ RunTime:0.0003s ]
SQL: SELECT * FROM `access` WHERE ( devid = 11 and time BETWEEN 1475251200 AND 1477929600 ) ORDER BY id desc  [ RunTime:0.0004s ]
SQL: SELECT * FROM `access` WHERE ( devid = 11 and time BETWEEN 1388505600 AND 1420041599 ) ORDER BY id desc  [ RunTime:0.0004s ]
SQL: SELECT * FROM `access` WHERE ( devid = 11 and time BETWEEN 1481299200 AND 1481385599 )  [ RunTime:0.0003s ]
SQL: SELECT * FROM `access` WHERE ( devid = 11 and time BETWEEN 1479657600 AND 1480262399 ) ORDER BY id desc  [ RunTime:0.0004s ]
SQL: SELECT * FROM `access` WHERE ( devid = 11 and time BETWEEN 1472659200 AND 1475251200 ) ORDER BY id desc  [ RunTime:0.0003s ]
SQL: SELECT * FROM `access` WHERE ( devid = 11 and time BETWEEN 1356969600 AND 1388505599 ) ORDER BY id desc  [ RunTime:0.0003s ]
SQL: SELECT * FROM `access` WHERE ( devid = 11 and time BETWEEN 1481212800 AND 1481299199 )  [ RunTime:0.0004s ]
SQL: SELECT * FROM `access` WHERE ( devid = 11 and time BETWEEN 1479052800 AND 1479657599 ) ORDER BY id desc  [ RunTime:0.0004s ]
SQL: SELECT * FROM `access` WHERE ( devid = 11 and time BETWEEN 1469980800 AND 1472659200 ) ORDER BY id desc  [ RunTime:0.0003s ]
SQL: SELECT * FROM `access` WHERE ( devid = 11 and time BETWEEN 1325347200 AND 1356969599 ) ORDER BY id desc  [ RunTime:0.0003s ]
SQL: SELECT * FROM `access` WHERE ( devid = 11 and time BETWEEN 1481126400 AND 1481212799 )  [ RunTime:0.0003s ]
SQL: SELECT * FROM `access` WHERE ( devid = 11 and time BETWEEN 1478448000 AND 1479052799 ) ORDER BY id desc  [ RunTime:0.0003s ]
SQL: SELECT * FROM `access` WHERE ( devid = 11 and time BETWEEN 1467302400 AND 1469980800 ) ORDER BY id desc  [ RunTime:0.0003s ]
SQL: SELECT * FROM `access` WHERE ( devid = 11 and time BETWEEN 1293811200 AND 1325347199 ) ORDER BY id desc  [ RunTime:0.0003s ]
SQL: SELECT * FROM `access` WHERE ( devid = 11 and time BETWEEN 1481040000 AND 1481126399 )  [ RunTime:0.0003s ]
SQL: SELECT * FROM `access` WHERE ( devid = 11 and time BETWEEN 1477843200 AND 1478447999 ) ORDER BY id desc  [ RunTime:0.0003s ]
SQL: SELECT * FROM `access` WHERE ( devid = 11 and time BETWEEN 1464710400 AND 1467302400 ) ORDER BY id desc  [ RunTime:0.0003s ]
SQL: SELECT * FROM `access` WHERE ( devid = 11 and time BETWEEN 1262275200 AND 1293811199 ) ORDER BY id desc  [ RunTime:0.0003s ]
SQL: SELECT * FROM `access` WHERE ( devid = 11 and time BETWEEN 1480953600 AND 1481039999 )  [ RunTime:0.0003s ]
SQL: SELECT * FROM `access` WHERE ( devid = 11 and time BETWEEN 1477238400 AND 1477843199 ) ORDER BY id desc  [ RunTime:0.0003s ]
SQL: SELECT * FROM `access` WHERE ( devid = 11 and time BETWEEN 1462032000 AND 1464710400 ) ORDER BY id desc  [ RunTime:0.0003s ]
SQL: SELECT * FROM `access` WHERE ( devid = 11 and time BETWEEN 1230739200 AND 1262275199 ) ORDER BY id desc  [ RunTime:0.0003s ]
INFO: [ view_parse ] --START--
NOTIC: [8] Undefined index: value D:\amp\apache\htdocs\base\Runtime\Cache\0f86734de7919194311275e72cd784100da3a4fe.file.value.html.php 第 58 行.
NOTIC: [8] Trying to get property of non-object D:\amp\apache\htdocs\base\Runtime\Cache\0f86734de7919194311275e72cd784100da3a4fe.file.value.html.php 第 58 行.
INFO: Run Behavior\ParseTemplateBehavior [ RunTime:0.009501s ]
INFO: [ view_parse ] --END-- [ RunTime:0.009563s ]
INFO: [ view_filter ] --START--
INFO: Run Behavior\WriteHtmlCacheBehavior [ RunTime:0.000272s ]
INFO: [ view_filter ] --END-- [ RunTime:0.000314s ]
INFO: [ app_end ] --START--
INFO: Run Behavior\ShowPageTraceBehavior [ RunTime:0.000470s ]
INFO: [ app_end ] --END-- [ RunTime:0.000517s ]

[ 2016-12-13T11:55:59+08:00 ] 127.0.0.1 /base/index.php/Home/Value/value
INFO: [ app_begin ] --START--
INFO: Run Behavior\ReadHtmlCacheBehavior [ RunTime:0.000593s ]
INFO: [ app_begin ] --END-- [ RunTime:0.001084s ]
SQL: SHOW COLUMNS FROM `access` [ RunTime:0.0050s ]
SQL: SELECT * FROM `access` WHERE ( devid = 11 and time BETWEEN 1481558400 AND 1481601359 )  [ RunTime:0.0007s ]
SQL: SHOW COLUMNS FROM `access` [ RunTime:0.0038s ]
SQL: SELECT * FROM `access` WHERE ( devid = 11 and time BETWEEN 1481472000 AND 1482076799 ) ORDER BY id desc  [ RunTime:0.0005s ]
SQL: SELECT * FROM `access` WHERE ( devid = 11 and time BETWEEN 1480521600 AND 1483199999 ) ORDER BY id desc  [ RunTime:0.0003s ]
SQL: SELECT * FROM `access` WHERE ( devid = 11 and time BETWEEN 1451577600 AND 1483199999 ) ORDER BY id desc  [ RunTime:0.0003s ]
SQL: SELECT * FROM `access` WHERE ( devid = 11 and time BETWEEN 1481472000 AND 1481558399 )  [ RunTime:0.0003s ]
SQL: SELECT * FROM `access` WHERE ( devid = 11 and time BETWEEN 1480867200 AND 1481471999 ) ORDER BY id desc  [ RunTime:0.0004s ]
SQL: SELECT * FROM `access` WHERE ( devid = 11 and time BETWEEN 1477929600 AND 1480521600 ) ORDER BY id desc  [ RunTime:0.0004s ]
SQL: SELECT * FROM `access` WHERE ( devid = 11 and time BETWEEN 1420041600 AND 1451577599 ) ORDER BY id desc  [ RunTime:0.0005s ]
SQL: SELECT * FROM `access` WHERE ( devid = 11 and time BETWEEN 1481385600 AND 1481471999 )  [ RunTime:0.0004s ]
SQL: SELECT * FROM `access` WHERE ( devid = 11 and time BETWEEN 1480262400 AND 1480867199 ) ORDER BY id desc  [ RunTime:0.0003s ]
SQL: SELECT * FROM `access` WHERE ( devid = 11 and time BETWEEN 1475251200 AND 1477929600 ) ORDER BY id desc  [ RunTime:0.0003s ]
SQL: SELECT * FROM `access` WHERE ( devid = 11 and time BETWEEN 1388505600 AND 1420041599 ) ORDER BY id desc  [ RunTime:0.0003s ]
SQL: SELECT * FROM `access` WHERE ( devid = 11 and time BETWEEN 1481299200 AND 1481385599 )  [ RunTime:0.0003s ]
SQL: SELECT * FROM `access` WHERE ( devid = 11 and time BETWEEN 1479657600 AND 1480262399 ) ORDER BY id desc  [ RunTime:0.0004s ]
SQL: SELECT * FROM `access` WHERE ( devid = 11 and time BETWEEN 1472659200 AND 1475251200 ) ORDER BY id desc  [ RunTime:0.0003s ]
SQL: SELECT * FROM `access` WHERE ( devid = 11 and time BETWEEN 1356969600 AND 1388505599 ) ORDER BY id desc  [ RunTime:0.0004s ]
SQL: SELECT * FROM `access` WHERE ( devid = 11 and time BETWEEN 1481212800 AND 1481299199 )  [ RunTime:0.0004s ]
SQL: SELECT * FROM `access` WHERE ( devid = 11 and time BETWEEN 1479052800 AND 1479657599 ) ORDER BY id desc  [ RunTime:0.0004s ]
SQL: SELECT * FROM `access` WHERE ( devid = 11 and time BETWEEN 1469980800 AND 1472659200 ) ORDER BY id desc  [ RunTime:0.0003s ]
SQL: SELECT * FROM `access` WHERE ( devid = 11 and time BETWEEN 1325347200 AND 1356969599 ) ORDER BY id desc  [ RunTime:0.0003s ]
SQL: SELECT * FROM `access` WHERE ( devid = 11 and time BETWEEN 1481126400 AND 1481212799 )  [ RunTime:0.0003s ]
SQL: SELECT * FROM `access` WHERE ( devid = 11 and time BETWEEN 1478448000 AND 1479052799 ) ORDER BY id desc  [ RunTime:0.0003s ]
SQL: SELECT * FROM `access` WHERE ( devid = 11 and time BETWEEN 1467302400 AND 1469980800 ) ORDER BY id desc  [ RunTime:0.0003s ]
SQL: SELECT * FROM `access` WHERE ( devid = 11 and time BETWEEN 1293811200 AND 1325347199 ) ORDER BY id desc  [ RunTime:0.0003s ]
SQL: SELECT * FROM `access` WHERE ( devid = 11 and time BETWEEN 1481040000 AND 1481126399 )  [ RunTime:0.0003s ]
SQL: SELECT * FROM `access` WHERE ( devid = 11 and time BETWEEN 1477843200 AND 1478447999 ) ORDER BY id desc  [ RunTime:0.0003s ]
SQL: SELECT * FROM `access` WHERE ( devid = 11 and time BETWEEN 1464710400 AND 1467302400 ) ORDER BY id desc  [ RunTime:0.0003s ]
SQL: SELECT * FROM `access` WHERE ( devid = 11 and time BETWEEN 1262275200 AND 1293811199 ) ORDER BY id desc  [ RunTime:0.0003s ]
SQL: SELECT * FROM `access` WHERE ( devid = 11 and time BETWEEN 1480953600 AND 1481039999 )  [ RunTime:0.0003s ]
SQL: SELECT * FROM `access` WHERE ( devid = 11 and time BETWEEN 1477238400 AND 1477843199 ) ORDER BY id desc  [ RunTime:0.0003s ]
SQL: SELECT * FROM `access` WHERE ( devid = 11 and time BETWEEN 1462032000 AND 1464710400 ) ORDER BY id desc  [ RunTime:0.0003s ]
SQL: SELECT * FROM `access` WHERE ( devid = 11 and time BETWEEN 1230739200 AND 1262275199 ) ORDER BY id desc  [ RunTime:0.0003s ]
INFO: [ view_parse ] --START--
NOTIC: [8] Undefined index: value D:\amp\apache\htdocs\base\Runtime\Cache\0f86734de7919194311275e72cd784100da3a4fe.file.value.html.php 第 58 行.
NOTIC: [8] Trying to get property of non-object D:\amp\apache\htdocs\base\Runtime\Cache\0f86734de7919194311275e72cd784100da3a4fe.file.value.html.php 第 58 行.
INFO: Run Behavior\ParseTemplateBehavior [ RunTime:0.009017s ]
INFO: [ view_parse ] --END-- [ RunTime:0.009075s ]
INFO: [ view_filter ] --START--
INFO: Run Behavior\WriteHtmlCacheBehavior [ RunTime:0.000259s ]
INFO: [ view_filter ] --END-- [ RunTime:0.000299s ]
INFO: [ app_end ] --START--
INFO: Run Behavior\ShowPageTraceBehavior [ RunTime:0.000460s ]
INFO: [ app_end ] --END-- [ RunTime:0.000509s ]

[ 2016-12-13T12:32:42+08:00 ] 127.0.0.1 /base/index.php/Home/Value/value
INFO: [ app_begin ] --START--
INFO: Run Behavior\ReadHtmlCacheBehavior [ RunTime:0.000696s ]
INFO: [ app_begin ] --END-- [ RunTime:0.001054s ]
SQL: SHOW COLUMNS FROM `access` [ RunTime:0.0038s ]
SQL: SELECT * FROM `access` WHERE ( devid = 11 and time BETWEEN 1481558400 AND 1481603562 )  [ RunTime:0.0008s ]
SQL: SHOW COLUMNS FROM `access` [ RunTime:0.0044s ]
SQL: SELECT * FROM `access` WHERE ( devid = 11 and time BETWEEN 1481472000 AND 1482076799 ) ORDER BY id desc  [ RunTime:0.0008s ]
SQL: SELECT * FROM `access` WHERE ( devid = 11 and time BETWEEN 1480521600 AND 1483199999 ) ORDER BY id desc  [ RunTime:0.0005s ]
SQL: SELECT * FROM `access` WHERE ( devid = 11 and time BETWEEN 1451577600 AND 1483199999 ) ORDER BY id desc  [ RunTime:0.0004s ]
SQL: SELECT * FROM `access` WHERE ( devid = 11 and time BETWEEN 1481472000 AND 1481558399 )  [ RunTime:0.0004s ]
SQL: SELECT * FROM `access` WHERE ( devid = 11 and time BETWEEN 1480867200 AND 1481471999 ) ORDER BY id desc  [ RunTime:0.0004s ]
SQL: SELECT * FROM `access` WHERE ( devid = 11 and time BETWEEN 1477929600 AND 1480521600 ) ORDER BY id desc  [ RunTime:0.0004s ]
SQL: SELECT * FROM `access` WHERE ( devid = 11 and time BETWEEN 1420041600 AND 1451577599 ) ORDER BY id desc  [ RunTime:0.0004s ]
SQL: SELECT * FROM `access` WHERE ( devid = 11 and time BETWEEN 1481385600 AND 1481471999 )  [ RunTime:0.0004s ]
SQL: SELECT * FROM `access` WHERE ( devid = 11 and time BETWEEN 1480262400 AND 1480867199 ) ORDER BY id desc  [ RunTime:0.0003s ]
SQL: SELECT * FROM `access` WHERE ( devid = 11 and time BETWEEN 1475251200 AND 1477929600 ) ORDER BY id desc  [ RunTime:0.0003s ]
SQL: SELECT * FROM `access` WHERE ( devid = 11 and time BETWEEN 1388505600 AND 1420041599 ) ORDER BY id desc  [ RunTime:0.0003s ]
SQL: SELECT * FROM `access` WHERE ( devid = 11 and time BETWEEN 1481299200 AND 1481385599 )  [ RunTime:0.0004s ]
SQL: SELECT * FROM `access` WHERE ( devid = 11 and time BETWEEN 1479657600 AND 1480262399 ) ORDER BY id desc  [ RunTime:0.0003s ]
SQL: SELECT * FROM `access` WHERE ( devid = 11 and time BETWEEN 1472659200 AND 1475251200 ) ORDER BY id desc  [ RunTime:0.0003s ]
SQL: SELECT * FROM `access` WHERE ( devid = 11 and time BETWEEN 1356969600 AND 1388505599 ) ORDER BY id desc  [ RunTime:0.0003s ]
SQL: SELECT * FROM `access` WHERE ( devid = 11 and time BETWEEN 1481212800 AND 1481299199 )  [ RunTime:0.0003s ]
SQL: SELECT * FROM `access` WHERE ( devid = 11 and time BETWEEN 1479052800 AND 1479657599 ) ORDER BY id desc  [ RunTime:0.0003s ]
SQL: SELECT * FROM `access` WHERE ( devid = 11 and time BETWEEN 1469980800 AND 1472659200 ) ORDER BY id desc  [ RunTime:0.0003s ]
SQL: SELECT * FROM `access` WHERE ( devid = 11 and time BETWEEN 1325347200 AND 1356969599 ) ORDER BY id desc  [ RunTime:0.0003s ]
SQL: SELECT * FROM `access` WHERE ( devid = 11 and time BETWEEN 1481126400 AND 1481212799 )  [ RunTime:0.0003s ]
SQL: SELECT * FROM `access` WHERE ( devid = 11 and time BETWEEN 1478448000 AND 1479052799 ) ORDER BY id desc  [ RunTime:0.0004s ]
SQL: SELECT * FROM `access` WHERE ( devid = 11 and time BETWEEN 1467302400 AND 1469980800 ) ORDER BY id desc  [ RunTime:0.0004s ]
SQL: SELECT * FROM `access` WHERE ( devid = 11 and time BETWEEN 1293811200 AND 1325347199 ) ORDER BY id desc  [ RunTime:0.0003s ]
SQL: SELECT * FROM `access` WHERE ( devid = 11 and time BETWEEN 1481040000 AND 1481126399 )  [ RunTime:0.0005s ]
SQL: SELECT * FROM `access` WHERE ( devid = 11 and time BETWEEN 1477843200 AND 1478447999 ) ORDER BY id desc  [ RunTime:0.0005s ]
SQL: SELECT * FROM `access` WHERE ( devid = 11 and time BETWEEN 1464710400 AND 1467302400 ) ORDER BY id desc  [ RunTime:0.0005s ]
SQL: SELECT * FROM `access` WHERE ( devid = 11 and time BETWEEN 1262275200 AND 1293811199 ) ORDER BY id desc  [ RunTime:0.0004s ]
SQL: SELECT * FROM `access` WHERE ( devid = 11 and time BETWEEN 1480953600 AND 1481039999 )  [ RunTime:0.0005s ]
SQL: SELECT * FROM `access` WHERE ( devid = 11 and time BETWEEN 1477238400 AND 1477843199 ) ORDER BY id desc  [ RunTime:0.0004s ]
SQL: SELECT * FROM `access` WHERE ( devid = 11 and time BETWEEN 1462032000 AND 1464710400 ) ORDER BY id desc  [ RunTime:0.0004s ]
SQL: SELECT * FROM `access` WHERE ( devid = 11 and time BETWEEN 1230739200 AND 1262275199 ) ORDER BY id desc  [ RunTime:0.0003s ]
INFO: [ view_parse ] --START--
INFO: Run Behavior\ParseTemplateBehavior [ RunTime:0.008624s ]
INFO: [ view_parse ] --END-- [ RunTime:0.008683s ]
INFO: [ view_filter ] --START--
INFO: Run Behavior\WriteHtmlCacheBehavior [ RunTime:0.000263s ]
INFO: [ view_filter ] --END-- [ RunTime:0.000307s ]
INFO: [ app_end ] --START--
INFO: Run Behavior\ShowPageTraceBehavior [ RunTime:0.000479s ]
INFO: [ app_end ] --END-- [ RunTime:0.000526s ]

[ 2016-12-13T16:27:09+08:00 ] 127.0.0.1 /base/index.php/home/acadd/add
ERR: SQLSTATE[HY000]: General error: 1364 Field 'temp2' doesn't have a default value

[ 2016-12-13T17:47:50+08:00 ] 127.0.0.1 /base/index.php/Home/Manager/register
ERR: Think\Controller:U方法不存在！

