[ 2018-05-16T11:15:01+08:00 ] ::1 /base/index.php/Acadd/select?devid=2
ERR: SQLSTATE[42000]: Syntax error or access violation: 1064 You have an error in your SQL syntax; check the manual that corresponds to your MySQL server version for the right syntax to use near 'and time <= 86399 ) ORDER BY id desc' at line 1

[ 2018-05-16T11:15:20+08:00 ] ::1 /base/index.php/Acadd/select?devid=2
ERR: SQLSTATE[42000]: Syntax error or access violation: 1064 You have an error in your SQL syntax; check the manual that corresponds to your MySQL server version for the right syntax to use near 'and time <= 86399 ) ORDER BY id desc' at line 1

[ 2018-05-16T11:15:26+08:00 ] ::1 /base/index.php/Acadd/select?devid=1&flag=2
ERR: SQLSTATE[42000]: Syntax error or access violation: 1064 You have an error in your SQL syntax; check the manual that corresponds to your MySQL server version for the right syntax to use near 'and time <= 86399 ) ORDER BY id desc' at line 1

[ 2018-05-16T11:15:45+08:00 ] ::1 /base/index.php/Acadd/select?devid=2&flag=1
ERR: SQLSTATE[42000]: Syntax error or access violation: 1064 You have an error in your SQL syntax; check the manual that corresponds to your MySQL server version for the right syntax to use near 'and time <= 86399 ) ORDER BY id desc' at line 1

[ 2018-05-16T11:15:58+08:00 ] ::1 /base/index.php/Acadd/select?devid=2&flag=1
ERR: SQLSTATE[42000]: Syntax error or access violation: 1064 You have an error in your SQL syntax; check the manual that corresponds to your MySQL server version for the right syntax to use near 'and time <= 86399 ) ORDER BY id desc' at line 1

[ 2018-05-16T11:16:27+08:00 ] ::1 /base/index.php/Acadd/select?devid=2&flag=1
ERR: SQLSTATE[42000]: Syntax error or access violation: 1064 You have an error in your SQL syntax; check the manual that corresponds to your MySQL server version for the right syntax to use near 'and time <= 86399 ) ORDER BY id desc' at line 1

[ 2018-05-16T11:16:33+08:00 ] ::1 /base/index.php/Acadd/select?devid=2&flag=1
ERR: SQLSTATE[42000]: Syntax error or access violation: 1064 You have an error in your SQL syntax; check the manual that corresponds to your MySQL server version for the right syntax to use near 'and time <= 86399 ) ORDER BY id desc' at line 1

[ 2018-05-16T11:17:00+08:00 ] ::1 /base/index.php/Acadd/select?devid=2&flag=1
ERR: SQLSTATE[42000]: Syntax error or access violation: 1064 You have an error in your SQL syntax; check the manual that corresponds to your MySQL server version for the right syntax to use near 'and time <= 86399 ) ORDER BY id desc' at line 1

[ 2018-05-16T11:17:00+08:00 ] ::1 /base/index.php/Acadd/select?devid=2&flag=1
ERR: SQLSTATE[42000]: Syntax error or access violation: 1064 You have an error in your SQL syntax; check the manual that corresponds to your MySQL server version for the right syntax to use near 'and time <= 86399 ) ORDER BY id desc' at line 1

[ 2018-05-16T11:17:01+08:00 ] ::1 /base/index.php/Acadd/select?devid=2&flag=1
ERR: SQLSTATE[42000]: Syntax error or access violation: 1064 You have an error in your SQL syntax; check the manual that corresponds to your MySQL server version for the right syntax to use near 'and time <= 86399 ) ORDER BY id desc' at line 1

[ 2018-05-16T11:17:01+08:00 ] ::1 /base/index.php/Acadd/select?devid=2&flag=1
ERR: SQLSTATE[42000]: Syntax error or access violation: 1064 You have an error in your SQL syntax; check the manual that corresponds to your MySQL server version for the right syntax to use near 'and time <= 86399 ) ORDER BY id desc' at line 1

[ 2018-05-16T11:17:05+08:00 ] ::1 /base/index.php/Acadd/select?devid=1&flag=2
ERR: SQLSTATE[42000]: Syntax error or access violation: 1064 You have an error in your SQL syntax; check the manual that corresponds to your MySQL server version for the right syntax to use near 'and time <= 86399 ) ORDER BY id desc' at line 1

[ 2018-05-16T11:17:10+08:00 ] ::1 /base/index.php/Acadd/select?devid=1&flag=2
ERR: SQLSTATE[42000]: Syntax error or access violation: 1064 You have an error in your SQL syntax; check the manual that corresponds to your MySQL server version for the right syntax to use near 'and time <= 86399 ) ORDER BY id desc' at line 1

[ 2018-05-16T11:17:30+08:00 ] ::1 /base/index.php/Acadd/select?devid=1&flag=2
ERR: SQLSTATE[42000]: Syntax error or access violation: 1064 You have an error in your SQL syntax; check the manual that corresponds to your MySQL server version for the right syntax to use near 'and time <= 86399 ) ORDER BY id desc' at line 1

[ 2018-05-16T11:17:30+08:00 ] ::1 /base/index.php/Acadd/select?devid=1&flag=2
ERR: SQLSTATE[42000]: Syntax error or access violation: 1064 You have an error in your SQL syntax; check the manual that corresponds to your MySQL server version for the right syntax to use near 'and time <= 86399 ) ORDER BY id desc' at line 1

[ 2018-05-16T11:17:31+08:00 ] ::1 /base/index.php/Acadd/select?devid=1&flag=2
ERR: SQLSTATE[42000]: Syntax error or access violation: 1064 You have an error in your SQL syntax; check the manual that corresponds to your MySQL server version for the right syntax to use near 'and time <= 86399 ) ORDER BY id desc' at line 1

[ 2018-05-16T11:17:31+08:00 ] ::1 /base/index.php/Acadd/select?devid=1&flag=2
ERR: SQLSTATE[42000]: Syntax error or access violation: 1064 You have an error in your SQL syntax; check the manual that corresponds to your MySQL server version for the right syntax to use near 'and time <= 86399 ) ORDER BY id desc' at line 1

[ 2018-05-16T11:17:36+08:00 ] ::1 /base/index.php/Acadd/select?devid=3&flag=1
ERR: SQLSTATE[42000]: Syntax error or access violation: 1064 You have an error in your SQL syntax; check the manual that corresponds to your MySQL server version for the right syntax to use near 'and time <= 86399 ) ORDER BY id desc' at line 1

[ 2018-05-16T11:17:55+08:00 ] ::1 /base/index.php/Acadd/select?devid=3&flag=1
ERR: SQLSTATE[42000]: Syntax error or access violation: 1064 You have an error in your SQL syntax; check the manual that corresponds to your MySQL server version for the right syntax to use near 'and time <= 86399 ) ORDER BY id desc' at line 1

[ 2018-05-16T11:17:55+08:00 ] ::1 /base/index.php/Acadd/select?devid=3&flag=1
ERR: SQLSTATE[42000]: Syntax error or access violation: 1064 You have an error in your SQL syntax; check the manual that corresponds to your MySQL server version for the right syntax to use near 'and time <= 86399 ) ORDER BY id desc' at line 1

[ 2018-05-16T11:17:55+08:00 ] ::1 /base/index.php/Acadd/select?devid=3&flag=1
ERR: SQLSTATE[42000]: Syntax error or access violation: 1064 You have an error in your SQL syntax; check the manual that corresponds to your MySQL server version for the right syntax to use near 'and time <= 86399 ) ORDER BY id desc' at line 1

[ 2018-05-16T11:18:25+08:00 ] ::1 /base/index.php/Acadd/select?devid=1&flag=2
ERR: SQLSTATE[42000]: Syntax error or access violation: 1064 You have an error in your SQL syntax; check the manual that corresponds to your MySQL server version for the right syntax to use near 'and time <= 86399 ) ORDER BY id desc' at line 1

[ 2018-05-16T11:19:23+08:00 ] ::1 /base/index.php/Acadd/select?devid=1&flag=2
ERR: SQLSTATE[42000]: Syntax error or access violation: 1064 You have an error in your SQL syntax; check the manual that corresponds to your MySQL server version for the right syntax to use near 'and time <= 86399 ) ORDER BY id desc' at line 1

[ 2018-05-16T11:19:24+08:00 ] ::1 /base/index.php/Acadd/select?devid=1&flag=2
ERR: SQLSTATE[42000]: Syntax error or access violation: 1064 You have an error in your SQL syntax; check the manual that corresponds to your MySQL server version for the right syntax to use near 'and time <= 86399 ) ORDER BY id desc' at line 1

[ 2018-05-16T11:19:24+08:00 ] ::1 /base/index.php/Acadd/select?devid=1&flag=2
ERR: SQLSTATE[42000]: Syntax error or access violation: 1064 You have an error in your SQL syntax; check the manual that corresponds to your MySQL server version for the right syntax to use near 'and time <= 86399 ) ORDER BY id desc' at line 1

[ 2018-05-16T11:19:24+08:00 ] ::1 /base/index.php/Acadd/select?devid=1&flag=2
ERR: SQLSTATE[42000]: Syntax error or access violation: 1064 You have an error in your SQL syntax; check the manual that corresponds to your MySQL server version for the right syntax to use near 'and time <= 86399 ) ORDER BY id desc' at line 1

[ 2018-05-16T11:19:28+08:00 ] ::1 /base/index.php/Acadd/select?devid=1&flag=2
ERR: SQLSTATE[42000]: Syntax error or access violation: 1064 You have an error in your SQL syntax; check the manual that corresponds to your MySQL server version for the right syntax to use near 'and time <= 86399 ) ORDER BY id desc' at line 1

[ 2018-05-16T11:19:36+08:00 ] ::1 /base/index.php/Acadd/select?devid=1&flag=2
ERR: SQLSTATE[42000]: Syntax error or access violation: 1064 You have an error in your SQL syntax; check the manual that corresponds to your MySQL server version for the right syntax to use near 'and time <= 86399 ) ORDER BY id desc' at line 1

[ 2018-05-16T11:19:46+08:00 ] ::1 /base/index.php/Acadd/select?devid=1&flag=2
ERR: SQLSTATE[42000]: Syntax error or access violation: 1064 You have an error in your SQL syntax; check the manual that corresponds to your MySQL server version for the right syntax to use near 'and time <= 86399 ) ORDER BY id desc' at line 1

[ 2018-05-16T11:25:26+08:00 ] ::1 /base/index.php/Acadd/select?devid=2&flag=1
ERR: SQLSTATE[42000]: Syntax error or access violation: 1064 You have an error in your SQL syntax; check the manual that corresponds to your MySQL server version for the right syntax to use near 'and time <= 86399 ) ORDER BY id desc' at line 1

[ 2018-05-16T16:59:10+08:00 ] ::1 /base/index.php/Acadd/select?devid=2&flag=1
ERR: SQLSTATE[42000]: Syntax error or access violation: 1064 You have an error in your SQL syntax; check the manual that corresponds to your MySQL server version for the right syntax to use near 'and time <= 86399 ) ORDER BY id desc' at line 1

[ 2018-05-16T16:59:30+08:00 ] ::1 /base/index.php/Acadd/select?devid=2&flag=1
ERR: SQLSTATE[42000]: Syntax error or access violation: 1064 You have an error in your SQL syntax; check the manual that corresponds to your MySQL server version for the right syntax to use near 'and time <= 86399 ) ORDER BY id desc' at line 1

[ 2018-05-16T16:59:34+08:00 ] ::1 /base/index.php/Acadd/select?devid=2&flag=1
ERR: SQLSTATE[42000]: Syntax error or access violation: 1064 You have an error in your SQL syntax; check the manual that corresponds to your MySQL server version for the right syntax to use near 'and time <= 86399 ) ORDER BY id desc' at line 1

[ 2018-05-16T17:15:31+08:00 ] ::1 /base/index.php/Acadd/select?devid=1&flag=2
ERR: SQLSTATE[42000]: Syntax error or access violation: 1064 You have an error in your SQL syntax; check the manual that corresponds to your MySQL server version for the right syntax to use near 'and time <= 86399 ) ORDER BY id desc' at line 1

[ 2018-05-16T17:21:40+08:00 ] ::1 /base/index.php/Acadd/select?devid=1&flag=2
ERR: Syntax Error in template "F:/Apache24/htdocs/base/Home/View\Acadd\select.html"  on line 156 "// &lt;%if ($['flag'])==1%&gt;"  - Unexpected "[", expected one of: "<%" , "identifier"

[ 2018-05-16T17:21:47+08:00 ] ::1 /base/index.php/Acadd/select?devid=1&flag=2
ERR: Syntax Error in template "F:/Apache24/htdocs/base/Home/View\Acadd\select.html"  on line 156 "// &lt;%if ($['flag'])==1%&gt;"  - Unexpected "[", expected one of: "<%" , "identifier"

[ 2018-05-16T17:22:00+08:00 ] ::1 /base/index.php/Acadd/select?devid=1&flag=2
ERR: Syntax Error in template "F:/Apache24/htdocs/base/Home/View\Acadd\select.html"  on line 156 "&lt;!--&lt;%if ($['flag'])==1%&gt;--&gt;"  - Unexpected "[", expected one of: "<%" , "identifier"

[ 2018-05-16T17:22:04+08:00 ] ::1 /base/index.php/Acadd/select?devid=1&flag=2
ERR: Syntax Error in template "F:/Apache24/htdocs/base/Home/View\Acadd\select.html"  on line 156 "&lt;!--&lt;%if ($['flag'])==1%&gt;--&gt;"  - Unexpected "[", expected one of: "<%" , "identifier"

[ 2018-05-16T17:22:04+08:00 ] ::1 /base/index.php/Acadd/select?devid=1&flag=2
ERR: Syntax Error in template "F:/Apache24/htdocs/base/Home/View\Acadd\select.html"  on line 156 "&lt;!--&lt;%if ($['flag'])==1%&gt;--&gt;"  - Unexpected "[", expected one of: "<%" , "identifier"

[ 2018-05-16T17:22:04+08:00 ] ::1 /base/index.php/Acadd/select?devid=1&flag=2
ERR: Syntax Error in template "F:/Apache24/htdocs/base/Home/View\Acadd\select.html"  on line 156 "&lt;!--&lt;%if ($['flag'])==1%&gt;--&gt;"  - Unexpected "[", expected one of: "<%" , "identifier"

[ 2018-05-16T17:22:04+08:00 ] ::1 /base/index.php/Acadd/select?devid=1&flag=2
ERR: Syntax Error in template "F:/Apache24/htdocs/base/Home/View\Acadd\select.html"  on line 156 "&lt;!--&lt;%if ($['flag'])==1%&gt;--&gt;"  - Unexpected "[", expected one of: "<%" , "identifier"

[ 2018-05-16T17:22:32+08:00 ] ::1 /base/index.php/Acadd/select?devid=1&flag=2
ERR: Syntax Error in template "F:/Apache24/htdocs/base/Home/View\Acadd\select.html"  on line 156 "&lt;!--&lt;%if ($['flag'])==1%&gt;--&gt;"  - Unexpected "[", expected one of: "<%" , "identifier"

