[ 2018-06-06T10:36:02+08:00 ] ::1 /pg/index.php/value/data.json?v=0.1?hotel_id=232
INFO: [ app_begin ] --START--
INFO: Run Behavior\ReadHtmlCacheBehavior [ RunTime:0.006000s ]
INFO: [ app_begin ] --END-- [ RunTime:0.006000s ]
ERR: 非法操作:data

[ 2018-06-06T10:36:02+08:00 ] ::1 /pg/index.php/value/data.json?v=0.1?hotel_id=232
INFO: [ app_begin ] --START--
INFO: Run Behavior\ReadHtmlCacheBehavior [ RunTime:0.001001s ]
INFO: [ app_begin ] --END-- [ RunTime:0.001001s ]
ERR: 非法操作:data

[ 2018-06-06T10:37:21+08:00 ] ::1 /pg/index.php/value/data.json?v=0.1?hotel_id=232
INFO: [ app_begin ] --START--
INFO: Run Behavior\ReadHtmlCacheBehavior [ RunTime:0.000000s ]
INFO: [ app_begin ] --END-- [ RunTime:0.001000s ]
ERR: 非法操作:data

[ 2018-06-06T10:37:21+08:00 ] ::1 /pg/index.php/value/data.json?v=0.1?hotel_id=232
INFO: [ app_begin ] --START--
INFO: Run Behavior\ReadHtmlCacheBehavior [ RunTime:0.001000s ]
INFO: [ app_begin ] --END-- [ RunTime:0.001000s ]
ERR: 非法操作:data

[ 2018-06-06T10:37:24+08:00 ] ::1 /pg/index.php/value/data.json?v=0.1?hotel_id=232
INFO: [ app_begin ] --START--
INFO: Run Behavior\ReadHtmlCacheBehavior [ RunTime:0.001000s ]
INFO: [ app_begin ] --END-- [ RunTime:0.001000s ]
ERR: 非法操作:data

[ 2018-06-06T10:37:24+08:00 ] ::1 /pg/index.php/value/data.json?v=0.1?hotel_id=232
INFO: [ app_begin ] --START--
INFO: Run Behavior\ReadHtmlCacheBehavior [ RunTime:0.001000s ]
INFO: [ app_begin ] --END-- [ RunTime:0.001000s ]
ERR: 非法操作:data

[ 2018-06-06T10:38:41+08:00 ] ::1 /pg/index.php/value/data.json?v=0.1?hotel_id=232
INFO: [ app_begin ] --START--
INFO: Run Behavior\ReadHtmlCacheBehavior [ RunTime:0.001000s ]
INFO: [ app_begin ] --END-- [ RunTime:0.001000s ]
ERR: 非法操作:data

[ 2018-06-06T10:38:41+08:00 ] ::1 /pg/index.php/value/data.json?v=0.1?hotel_id=232
INFO: [ app_begin ] --START--
INFO: Run Behavior\ReadHtmlCacheBehavior [ RunTime:0.000000s ]
INFO: [ app_begin ] --END-- [ RunTime:0.000000s ]
ERR: 非法操作:data

[ 2018-06-06T10:38:42+08:00 ] ::1 /pg/index.php/value/data.json?v=0.1?hotel_id=232
INFO: [ app_begin ] --START--
INFO: Run Behavior\ReadHtmlCacheBehavior [ RunTime:0.001000s ]
INFO: [ app_begin ] --END-- [ RunTime:0.001000s ]
ERR: 非法操作:data

[ 2018-06-06T10:38:42+08:00 ] ::1 /pg/index.php/value/data.json?v=0.1?hotel_id=232
INFO: [ app_begin ] --START--
INFO: Run Behavior\ReadHtmlCacheBehavior [ RunTime:0.001000s ]
INFO: [ app_begin ] --END-- [ RunTime:0.001000s ]
ERR: 非法操作:data

[ 2018-06-06T10:39:54+08:00 ] ::1 /pg/index.php/value/data.json?v=0.1?hotel_id=232
INFO: [ app_begin ] --START--
INFO: Run Behavior\ReadHtmlCacheBehavior [ RunTime:0.000000s ]
INFO: [ app_begin ] --END-- [ RunTime:0.001000s ]
ERR: 非法操作:data

[ 2018-06-06T10:39:54+08:00 ] ::1 /pg/index.php/value/data.json?v=0.1?hotel_id=232
INFO: [ app_begin ] --START--
INFO: Run Behavior\ReadHtmlCacheBehavior [ RunTime:0.000000s ]
INFO: [ app_begin ] --END-- [ RunTime:0.002000s ]
ERR: 非法操作:data

[ 2018-06-06T10:39:55+08:00 ] ::1 /pg/index.php/value/data.json?v=0.1?hotel_id=232
INFO: [ app_begin ] --START--
INFO: Run Behavior\ReadHtmlCacheBehavior [ RunTime:0.000000s ]
INFO: [ app_begin ] --END-- [ RunTime:0.001000s ]
ERR: 非法操作:data

[ 2018-06-06T10:41:13+08:00 ] ::1 /pg/index.php/value/data.json?v=0.1?hotel_id=232
INFO: [ app_begin ] --START--
INFO: Run Behavior\ReadHtmlCacheBehavior [ RunTime:0.001000s ]
INFO: [ app_begin ] --END-- [ RunTime:0.001000s ]
ERR: 非法操作:data

[ 2018-06-06T10:41:13+08:00 ] ::1 /pg/index.php/value/data.json?v=0.1?hotel_id=232
INFO: [ app_begin ] --START--
INFO: Run Behavior\ReadHtmlCacheBehavior [ RunTime:0.001000s ]
INFO: [ app_begin ] --END-- [ RunTime:0.001000s ]
ERR: 非法操作:data

[ 2018-06-06T10:41:15+08:00 ] ::1 /pg/index.php/value/data.json?v=0.1?hotel_id=232
INFO: [ app_begin ] --START--
INFO: Run Behavior\ReadHtmlCacheBehavior [ RunTime:0.000000s ]
INFO: [ app_begin ] --END-- [ RunTime:0.000000s ]
ERR: 非法操作:data

[ 2018-06-06T10:41:15+08:00 ] ::1 /pg/index.php/value/data.json?v=0.1?hotel_id=232
INFO: [ app_begin ] --START--
INFO: Run Behavior\ReadHtmlCacheBehavior [ RunTime:0.000000s ]
INFO: [ app_begin ] --END-- [ RunTime:0.000000s ]
ERR: 非法操作:data

[ 2018-06-06T10:44:35+08:00 ] ::1 /pg/index.php/value/data.json?hotel_id=232
INFO: [ app_begin ] --START--
INFO: Run Behavior\ReadHtmlCacheBehavior [ RunTime:0.000000s ]
INFO: [ app_begin ] --END-- [ RunTime:0.000000s ]
ERR: 非法操作:data

[ 2018-06-06T10:44:35+08:00 ] ::1 /pg/index.php/value/data.json?hotel_id=232
INFO: [ app_begin ] --START--
INFO: Run Behavior\ReadHtmlCacheBehavior [ RunTime:0.000000s ]
INFO: [ app_begin ] --END-- [ RunTime:0.001000s ]
ERR: 非法操作:data

[ 2018-06-06T10:44:37+08:00 ] ::1 /pg/index.php/value/data.json?hotel_id=232
INFO: [ app_begin ] --START--
INFO: Run Behavior\ReadHtmlCacheBehavior [ RunTime:0.001000s ]
INFO: [ app_begin ] --END-- [ RunTime:0.001000s ]
ERR: 非法操作:data

[ 2018-06-06T10:44:37+08:00 ] ::1 /pg/index.php/value/data.json?hotel_id=232
INFO: [ app_begin ] --START--
INFO: Run Behavior\ReadHtmlCacheBehavior [ RunTime:0.000000s ]
INFO: [ app_begin ] --END-- [ RunTime:0.001000s ]
ERR: 非法操作:data

[ 2018-06-06T10:45:03+08:00 ] ::1 /pg/index.php/value/hotel_id=232
INFO: [ app_begin ] --START--
INFO: Run Behavior\ReadHtmlCacheBehavior [ RunTime:0.001000s ]
INFO: [ app_begin ] --END-- [ RunTime:0.001000s ]
ERR: 非法操作:hotel_id=232

[ 2018-06-06T10:45:03+08:00 ] ::1 /pg/index.php/value/hotel_id=232
INFO: [ app_begin ] --START--
INFO: Run Behavior\ReadHtmlCacheBehavior [ RunTime:0.001000s ]
INFO: [ app_begin ] --END-- [ RunTime:0.001000s ]
ERR: 非法操作:hotel_id=232

[ 2018-06-06T10:45:29+08:00 ] ::1 /pg/index.php/value/hotel_id=232
INFO: [ app_begin ] --START--
INFO: Run Behavior\ReadHtmlCacheBehavior [ RunTime:0.000000s ]
INFO: [ app_begin ] --END-- [ RunTime:0.001000s ]
ERR: 非法操作:hotel_id=232

[ 2018-06-06T10:45:29+08:00 ] ::1 /pg/index.php/value/hotel_id=232
INFO: [ app_begin ] --START--
INFO: Run Behavior\ReadHtmlCacheBehavior [ RunTime:0.000000s ]
INFO: [ app_begin ] --END-- [ RunTime:0.000000s ]
ERR: 非法操作:hotel_id=232

[ 2018-06-06T10:45:56+08:00 ] ::1 /pg/index.php/data.json?hotel_id=232
INFO: [ app_begin ] --START--
INFO: Run Behavior\ReadHtmlCacheBehavior [ RunTime:0.000000s ]
INFO: [ app_begin ] --END-- [ RunTime:0.001000s ]
ERR: 无法加载控制器:Data

[ 2018-06-06T10:45:56+08:00 ] ::1 /pg/index.php/data.json?hotel_id=232
INFO: [ app_begin ] --START--
INFO: Run Behavior\ReadHtmlCacheBehavior [ RunTime:0.000000s ]
INFO: [ app_begin ] --END-- [ RunTime:0.000000s ]
ERR: 无法加载控制器:Data

[ 2018-06-06T10:46:13+08:00 ] ::1 /pg/index.php/data.json?hotel_id=232
INFO: [ app_begin ] --START--
INFO: Run Behavior\ReadHtmlCacheBehavior [ RunTime:0.000000s ]
INFO: [ app_begin ] --END-- [ RunTime:0.001000s ]
ERR: 无法加载控制器:Data

[ 2018-06-06T10:46:15+08:00 ] ::1 /pg/index.php/data.json?hotel_id=232
INFO: [ app_begin ] --START--
INFO: Run Behavior\ReadHtmlCacheBehavior [ RunTime:0.000000s ]
INFO: [ app_begin ] --END-- [ RunTime:0.001000s ]
ERR: 无法加载控制器:Data

[ 2018-06-06T10:46:35+08:00 ] ::1 /pg/index.php/data.json?hotel_id=232
INFO: [ app_begin ] --START--
INFO: Run Behavior\ReadHtmlCacheBehavior [ RunTime:0.000000s ]
INFO: [ app_begin ] --END-- [ RunTime:0.001000s ]
ERR: 无法加载控制器:Data

[ 2018-06-06T10:47:14+08:00 ] ::1 /pg/index.php/value/data.json?hotel_id=232
INFO: [ app_begin ] --START--
INFO: Run Behavior\ReadHtmlCacheBehavior [ RunTime:0.001000s ]
INFO: [ app_begin ] --END-- [ RunTime:0.001000s ]
ERR: 非法操作:data

[ 2018-06-06T10:47:29+08:00 ] ::1 /pg/index.php/value/hotel_id=232
INFO: [ app_begin ] --START--
INFO: Run Behavior\ReadHtmlCacheBehavior [ RunTime:0.001000s ]
INFO: [ app_begin ] --END-- [ RunTime:0.001000s ]
ERR: 非法操作:hotel_id=232

[ 2018-06-06T10:49:02+08:00 ] ::1 /pg/index.php/value/hotel_id=232
INFO: [ app_begin ] --START--
INFO: Run Behavior\ReadHtmlCacheBehavior [ RunTime:0.000000s ]
INFO: [ app_begin ] --END-- [ RunTime:0.001000s ]
ERR: 非法操作:hotel_id=232

[ 2018-06-06T10:50:27+08:00 ] ::1 /pg/index.php/value/hotel_id=232
INFO: [ app_begin ] --START--
INFO: Run Behavior\ReadHtmlCacheBehavior [ RunTime:0.000000s ]
INFO: [ app_begin ] --END-- [ RunTime:0.000000s ]
ERR: 非法操作:hotel_id=232

[ 2018-06-06T10:52:35+08:00 ] ::1 /pg/index.php/value/function%20()%20%7B%20%20%20%20%20%20%20%20%20%20%20%20%20%20%20%20pickerEvent.Init(e);%20%20%20%20%20%20%20%20%20%20%20%20%7D
INFO: [ app_begin ] --START--
INFO: Run Behavior\ReadHtmlCacheBehavior [ RunTime:0.001000s ]
INFO: [ app_begin ] --END-- [ RunTime:0.001000s ]
ERR: 非法操作:function () {                pickerEvent.Init(e);            }

[ 2018-06-06T10:53:39+08:00 ] ::1 /pg/index.php/value/function%20()%20%7B%20%20%20%20%20%20%20%20%20%20%20%20%20%20%20%20pickerEvent.Init(e);%20%20%20%20%20%20%20%20%20%20%20%20%7D
INFO: [ app_begin ] --START--
INFO: Run Behavior\ReadHtmlCacheBehavior [ RunTime:0.000000s ]
INFO: [ app_begin ] --END-- [ RunTime:0.001000s ]
ERR: 非法操作:function () {                pickerEvent.Init(e);            }

[ 2018-06-06T10:58:24+08:00 ] ::1 /pg/index.php/value/index?devid=4
ERR: 非法操作:index

[ 2018-06-06T10:58:26+08:00 ] ::1 /pg/index.php/value/index?devid=4
ERR: 非法操作:index

[ 2018-06-06T10:58:35+08:00 ] ::1 /pg/index.php/value/index?devid=4
ERR: 非法操作:index

[ 2018-06-06T10:59:05+08:00 ] ::1 /pg/index.php/value/index?devid=4
ERR: 非法操作:index

[ 2018-06-06T10:59:07+08:00 ] ::1 /pg/index.php/value/index?devid=4
ERR: 非法操作:index

[ 2018-06-06T10:59:41+08:00 ] ::1 /pg/index.php/value/index?devid=4
ERR: 非法操作:index

[ 2018-06-06T10:59:42+08:00 ] ::1 /pg/index.php/value/index?devid=4
ERR: 非法操作:index

[ 2018-06-06T10:59:46+08:00 ] ::1 /pg/index.php/value/index?devid=3
ERR: 非法操作:index

[ 2018-06-06T11:03:55+08:00 ] ::1 /pg/index.php/value/function%20()%20%7B%20%20%20%20%20%20%20%20%20%20%20%20%20%20%20%20pickerEvent.Init(e);%20%20%20%20%20%20%20%20%20%20%20%20%7D
INFO: [ app_begin ] --START--
INFO: Run Behavior\ReadHtmlCacheBehavior [ RunTime:0.000000s ]
INFO: [ app_begin ] --END-- [ RunTime:0.000000s ]
ERR: 非法操作:function () {                pickerEvent.Init(e);            }

[ 2018-06-06T11:04:07+08:00 ] ::1 /pg/index.php/value/function%20()%20%7B%20%20%20%20%20%20%20%20%20%20%20%20%20%20%20%20pickerEvent.Init(e);%20%20%20%20%20%20%20%20%20%20%20%20%7D
INFO: [ app_begin ] --START--
INFO: Run Behavior\ReadHtmlCacheBehavior [ RunTime:0.001000s ]
INFO: [ app_begin ] --END-- [ RunTime:0.001000s ]
ERR: 非法操作:function () {                pickerEvent.Init(e);            }

[ 2018-06-06T11:04:28+08:00 ] ::1 /pg/index.php/value/data.json?v=0.1?hotel_id=undefined
INFO: [ app_begin ] --START--
INFO: Run Behavior\ReadHtmlCacheBehavior [ RunTime:0.001000s ]
INFO: [ app_begin ] --END-- [ RunTime:0.001000s ]
ERR: 非法操作:data

[ 2018-06-06T11:04:42+08:00 ] ::1 /pg/index.php/value/data.json?v=0.1?hotel_id=undefined
INFO: [ app_begin ] --START--
INFO: Run Behavior\ReadHtmlCacheBehavior [ RunTime:0.001000s ]
INFO: [ app_begin ] --END-- [ RunTime:0.002000s ]
ERR: 非法操作:data

[ 2018-06-06T11:07:23+08:00 ] ::1 /pg/index.php/value/data.json?v=0.1?hotel_id=232
INFO: [ app_begin ] --START--
INFO: Run Behavior\ReadHtmlCacheBehavior [ RunTime:0.000000s ]
INFO: [ app_begin ] --END-- [ RunTime:0.000000s ]
ERR: 非法操作:data

[ 2018-06-06T11:10:56+08:00 ] ::1 /pg/index.php/value/data.json?v=0.1?hotel_id=232
INFO: [ app_begin ] --START--
INFO: Run Behavior\ReadHtmlCacheBehavior [ RunTime:0.000000s ]
INFO: [ app_begin ] --END-- [ RunTime:0.000000s ]
ERR: 非法操作:data

[ 2018-06-06T11:11:19+08:00 ] ::1 /pg/index.php/value/data.json?hotel_id=232
INFO: [ app_begin ] --START--
INFO: Run Behavior\ReadHtmlCacheBehavior [ RunTime:0.000000s ]
INFO: [ app_begin ] --END-- [ RunTime:0.000000s ]
ERR: 非法操作:data

[ 2018-06-06T11:11:58+08:00 ] ::1 /pg/index.php/value/data.json
INFO: [ app_begin ] --START--
INFO: Run Behavior\ReadHtmlCacheBehavior [ RunTime:0.000000s ]
INFO: [ app_begin ] --END-- [ RunTime:0.000000s ]
ERR: 非法操作:data

[ 2018-06-06T11:12:14+08:00 ] ::1 /pg/index.php/value/data.json
INFO: [ app_begin ] --START--
INFO: Run Behavior\ReadHtmlCacheBehavior [ RunTime:0.000000s ]
INFO: [ app_begin ] --END-- [ RunTime:0.000000s ]
ERR: 非法操作:data

[ 2018-06-06T11:12:29+08:00 ] ::1 /pg/index.php/value/data.json
INFO: [ app_begin ] --START--
INFO: Run Behavior\ReadHtmlCacheBehavior [ RunTime:0.001000s ]
INFO: [ app_begin ] --END-- [ RunTime:0.001000s ]
ERR: 非法操作:data

[ 2018-06-06T11:14:57+08:00 ] ::1 /pg/index.php/value/data.json
INFO: [ app_begin ] --START--
INFO: Run Behavior\ReadHtmlCacheBehavior [ RunTime:0.000000s ]
INFO: [ app_begin ] --END-- [ RunTime:0.000000s ]
ERR: 非法操作:data

[ 2018-06-06T11:16:00+08:00 ] ::1 /pg/index.php/value/data.json
INFO: [ app_begin ] --START--
INFO: Run Behavior\ReadHtmlCacheBehavior [ RunTime:0.000000s ]
INFO: [ app_begin ] --END-- [ RunTime:0.001000s ]
ERR: 非法操作:data

[ 2018-06-06T11:18:18+08:00 ] ::1 /pg/index.php/value/data.js
INFO: [ app_begin ] --START--
INFO: Run Behavior\ReadHtmlCacheBehavior [ RunTime:0.000000s ]
INFO: [ app_begin ] --END-- [ RunTime:0.000000s ]
ERR: 非法操作:data

[ 2018-06-06T11:20:28+08:00 ] ::1 /pg/index.php/value/data.js
INFO: [ app_begin ] --START--
INFO: Run Behavior\ReadHtmlCacheBehavior [ RunTime:0.001000s ]
INFO: [ app_begin ] --END-- [ RunTime:0.002000s ]
ERR: 非法操作:data

[ 2018-06-06T11:23:48+08:00 ] ::1 /pg/index.php/value/date.json
INFO: [ app_begin ] --START--
INFO: Run Behavior\ReadHtmlCacheBehavior [ RunTime:0.001000s ]
INFO: [ app_begin ] --END-- [ RunTime:0.001000s ]
ERR: 非法操作:date

[ 2018-06-06T11:23:54+08:00 ] ::1 /pg/index.php/value/date.json
INFO: [ app_begin ] --START--
INFO: Run Behavior\ReadHtmlCacheBehavior [ RunTime:0.001000s ]
INFO: [ app_begin ] --END-- [ RunTime:0.001000s ]
ERR: 非法操作:date

[ 2018-06-06T11:24:07+08:00 ] ::1 /pg/index.php/value/date.json
INFO: [ app_begin ] --START--
INFO: Run Behavior\ReadHtmlCacheBehavior [ RunTime:0.000000s ]
INFO: [ app_begin ] --END-- [ RunTime:0.002000s ]
ERR: 非法操作:date

[ 2018-06-06T11:24:45+08:00 ] ::1 /pg/index.php/value/date.json
INFO: [ app_begin ] --START--
INFO: Run Behavior\ReadHtmlCacheBehavior [ RunTime:0.001000s ]
INFO: [ app_begin ] --END-- [ RunTime:0.001000s ]
ERR: 非法操作:date

[ 2018-06-06T11:28:43+08:00 ] ::1 /pg/index.php/value/date.json
INFO: [ app_begin ] --START--
INFO: Run Behavior\ReadHtmlCacheBehavior [ RunTime:0.001000s ]
INFO: [ app_begin ] --END-- [ RunTime:0.002000s ]
ERR: 非法操作:date

[ 2018-06-06T11:28:58+08:00 ] ::1 /pg/index.php/value/date.json
INFO: [ app_begin ] --START--
INFO: Run Behavior\ReadHtmlCacheBehavior [ RunTime:0.001000s ]
INFO: [ app_begin ] --END-- [ RunTime:0.001000s ]
ERR: 非法操作:date

[ 2018-06-06T11:31:38+08:00 ] ::1 /pg/index.php/value/date.json
INFO: [ app_begin ] --START--
INFO: Run Behavior\ReadHtmlCacheBehavior [ RunTime:0.001000s ]
INFO: [ app_begin ] --END-- [ RunTime:0.001000s ]
ERR: 非法操作:date

[ 2018-06-06T14:39:06+08:00 ] ::1 /pg/index.php/value/temp/html
ERR: SQLSTATE[42000]: Syntax error or access violation: 1064 You have an error in your SQL syntax; check the manual that corresponds to your MySQL server version for the right syntax to use near 'and time BETWEEN 1528214400 AND 1528218000 ) LIMIT 0,1' at line 1

[ 2018-06-06T14:39:06+08:00 ] ::1 /pg/index.php/value/temp/html
ERR: SQLSTATE[42000]: Syntax error or access violation: 1064 You have an error in your SQL syntax; check the manual that corresponds to your MySQL server version for the right syntax to use near 'and time BETWEEN 1528214400 AND 1528218000 ) LIMIT 0,1' at line 1

[ 2018-06-06T14:39:23+08:00 ] ::1 /pg/index.php/value/temp.html
ERR: SQLSTATE[42000]: Syntax error or access violation: 1064 You have an error in your SQL syntax; check the manual that corresponds to your MySQL server version for the right syntax to use near 'and time BETWEEN 1528214400 AND 1528218000 ) LIMIT 0,1' at line 1

[ 2018-06-06T14:39:28+08:00 ] ::1 /pg/index.php/value/temp.html
ERR: SQLSTATE[42000]: Syntax error or access violation: 1064 You have an error in your SQL syntax; check the manual that corresponds to your MySQL server version for the right syntax to use near 'and time BETWEEN 1528214400 AND 1528218000 ) LIMIT 0,1' at line 1

[ 2018-06-06T14:39:31+08:00 ] ::1 /pg/index.php/value/temp.html
ERR: SQLSTATE[42000]: Syntax error or access violation: 1064 You have an error in your SQL syntax; check the manual that corresponds to your MySQL server version for the right syntax to use near 'and time BETWEEN 1528214400 AND 1528218000 ) LIMIT 0,1' at line 1

[ 2018-06-06T16:13:06+08:00 ] ::1 /pg/index.php/value/temp.html
ERR: SQLSTATE[42000]: Syntax error or access violation: 1064 You have an error in your SQL syntax; check the manual that corresponds to your MySQL server version for the right syntax to use near 'and time BETWEEN 1528214400 AND 1528218000 ) LIMIT 0,1' at line 1

[ 2018-06-06T16:20:56+08:00 ] ::1 /pg/index.php/value/temp.html
ERR: SQLSTATE[42000]: Syntax error or access violation: 1064 You have an error in your SQL syntax; check the manual that corresponds to your MySQL server version for the right syntax to use near 'and time BETWEEN 1528214400 AND 1528218000 ) LIMIT 0,1' at line 1

[ 2018-06-06T16:21:40+08:00 ] ::1 /pg/index.php/value/temp.html
ERR: SQLSTATE[42000]: Syntax error or access violation: 1064 You have an error in your SQL syntax; check the manual that corresponds to your MySQL server version for the right syntax to use near 'and time BETWEEN 1528214400 AND 1528218000 ) LIMIT 0,1' at line 1

[ 2018-06-06T16:30:02+08:00 ] ::1 /pg/index.php/value/calendar?devid=127
ERR: syntax error, unexpected '$jarr' (T_VARIABLE), expecting ',' or ';'

[ 2018-06-06T16:33:29+08:00 ] ::1 /pg/index.php/value/calendar?devid=127
ERR: syntax error, unexpected ':'

[ 2018-06-06T16:48:17+08:00 ] ::1 /pg/index.php/value/calendar?devid=127
ERR: syntax error, unexpected '.'

[ 2018-06-06T16:49:07+08:00 ] ::1 /pg/index.php/value/calendar?devid=127
ERR: syntax error, unexpected '$dayNum' (T_VARIABLE)

[ 2018-06-06T17:17:19+08:00 ] ::1 /pg/index.php/value/calendar?devid=2
ERR: syntax error, unexpected '$dayNum' (T_VARIABLE), expecting identifier (T_STRING)

[ 2018-06-06T17:17:29+08:00 ] ::1 /pg/index.php/value/calendar?devid=2
ERR: syntax error, unexpected '$dayNum' (T_VARIABLE), expecting identifier (T_STRING)

[ 2018-06-06T17:17:31+08:00 ] ::1 /pg/index.php/value/calendar?devid=2
ERR: syntax error, unexpected '$dayNum' (T_VARIABLE), expecting identifier (T_STRING)

[ 2018-06-06T17:17:45+08:00 ] ::1 /pg/index.php/value/calendar?devid=6
ERR: syntax error, unexpected '$dayNum' (T_VARIABLE), expecting identifier (T_STRING)

[ 2018-06-06T17:18:04+08:00 ] ::1 /pg/index.php/value/calendar?devid=6
ERR: syntax error, unexpected '$dayNum' (T_VARIABLE), expecting identifier (T_STRING)

[ 2018-06-06T17:18:05+08:00 ] ::1 /pg/index.php/value/calendar?devid=6
ERR: syntax error, unexpected '$dayNum' (T_VARIABLE), expecting identifier (T_STRING)

[ 2018-06-06T17:18:05+08:00 ] ::1 /pg/index.php/value/calendar?devid=6
ERR: syntax error, unexpected '$dayNum' (T_VARIABLE), expecting identifier (T_STRING)

[ 2018-06-06T17:18:05+08:00 ] ::1 /pg/index.php/value/calendar?devid=6
ERR: syntax error, unexpected '$dayNum' (T_VARIABLE), expecting identifier (T_STRING)

[ 2018-06-06T17:18:05+08:00 ] ::1 /pg/index.php/value/calendar?devid=6
ERR: syntax error, unexpected '$dayNum' (T_VARIABLE), expecting identifier (T_STRING)

[ 2018-06-06T17:18:05+08:00 ] ::1 /pg/index.php/value/calendar?devid=6
ERR: syntax error, unexpected '$dayNum' (T_VARIABLE), expecting identifier (T_STRING)

[ 2018-06-06T17:18:08+08:00 ] ::1 /pg/index.php/value/calendar?devid=5
ERR: syntax error, unexpected '$dayNum' (T_VARIABLE), expecting identifier (T_STRING)

[ 2018-06-06T17:18:29+08:00 ] ::1 /pg/index.php/value/calendar?devid=5
ERR: syntax error, unexpected '$dayNum' (T_VARIABLE), expecting identifier (T_STRING)

[ 2018-06-06T17:18:30+08:00 ] ::1 /pg/index.php/value/calendar?devid=5
ERR: syntax error, unexpected '$dayNum' (T_VARIABLE), expecting identifier (T_STRING)

[ 2018-06-06T17:18:31+08:00 ] ::1 /pg/index.php/value/calendar?devid=3
ERR: syntax error, unexpected '$dayNum' (T_VARIABLE), expecting identifier (T_STRING)

[ 2018-06-06T17:18:40+08:00 ] ::1 /pg/index.php/value/calendar?devid=3
ERR: syntax error, unexpected '$dayNum' (T_VARIABLE), expecting identifier (T_STRING)

[ 2018-06-06T17:18:41+08:00 ] ::1 /pg/index.php/value/calendar?devid=3
ERR: syntax error, unexpected '$dayNum' (T_VARIABLE), expecting identifier (T_STRING)

[ 2018-06-06T17:18:43+08:00 ] ::1 /pg/index.php/value/calendar?devid=2
ERR: syntax error, unexpected '$dayNum' (T_VARIABLE), expecting identifier (T_STRING)

[ 2018-06-06T17:19:17+08:00 ] ::1 /pg/index.php/value/calendar?devid=3
ERR: syntax error, unexpected '$dayNum' (T_VARIABLE), expecting identifier (T_STRING)

[ 2018-06-06T17:26:19+08:00 ] ::1 /pg/index.php/value/calendar?devid=2
ERR: syntax error, unexpected ':'

[ 2018-06-06T17:26:33+08:00 ] ::1 /pg/index.php/value/calendar?devid=2
ERR: syntax error, unexpected ':'

