[ 2018-06-08T10:01:00+08:00 ] ::1 /pg/index.php/value/calendar?devid=127&postDate=2018-06
ERR: syntax error, unexpected '$currdate' (T_VARIABLE), expecting function (T_FUNCTION) or const (T_CONST)

[ 2018-06-08T10:01:07+08:00 ] ::1 /pg/index.php/value/calendar?devid=127&postDate=2018-06
ERR: syntax error, unexpected '$currdate' (T_VARIABLE), expecting function (T_FUNCTION) or const (T_CONST)

[ 2018-06-08T10:02:57+08:00 ] ::1 /pg/index.php/value/calendar?devid=6&postDate=2018-06
ERR: syntax error, unexpected 'global' (T_GLOBAL)

[ 2018-06-08T10:11:36+08:00 ] ::1 /pg/index.php/value/calendar?devid=127&postDate=2018-06
ERR: syntax error, unexpected 'global' (T_GLOBAL)

[ 2018-06-08T10:13:46+08:00 ] ::1 /pg/index.php/value/calendar?devid=127&postDate=2018-06
ERR: syntax error, unexpected '$currdate' (T_VARIABLE), expecting function (T_FUNCTION) or const (T_CONST)

[ 2018-06-08T10:14:13+08:00 ] ::1 /pg/index.php/value/calendar?devid=127&postDate=2018-06
ERR: syntax error, unexpected '$currdate' (T_VARIABLE)

[ 2018-06-08T10:14:13+08:00 ] ::1 /pg/index.php/value/calendar?devid=127&postDate=2018-06
ERR: syntax error, unexpected '$currdate' (T_VARIABLE)

[ 2018-06-08T10:14:14+08:00 ] ::1 /pg/index.php/value/calendar?devid=127&postDate=2018-06
ERR: syntax error, unexpected '$currdate' (T_VARIABLE)

[ 2018-06-08T10:14:14+08:00 ] ::1 /pg/index.php/value/calendar?devid=127&postDate=2018-06
ERR: syntax error, unexpected '$currdate' (T_VARIABLE)

[ 2018-06-08T10:14:47+08:00 ] ::1 /pg/index.php/value/calendar?devid=127&postDate=2018-06
ERR: syntax error, unexpected '$currdate' (T_VARIABLE)

[ 2018-06-08T10:14:48+08:00 ] ::1 /pg/index.php/value/calendar?devid=127&postDate=2018-06
ERR: syntax error, unexpected '$currdate' (T_VARIABLE)

[ 2018-06-08T10:14:52+08:00 ] ::1 /pg/index.php/value/calendar?devid=127&postDate=2018-06
ERR: syntax error, unexpected '$currdate' (T_VARIABLE)

[ 2018-06-08T10:15:17+08:00 ] ::1 /pg/index.php/value/calendar?devid=127&postDate=2018-06
ERR: syntax error, unexpected '$currdate' (T_VARIABLE)

[ 2018-06-08T10:20:50+08:00 ] ::1 /pg/index.php/value/calendar?devid=127&postDate=2018-06
ERR: syntax error, unexpected '$currdate' (T_VARIABLE)

[ 2018-06-08T10:21:16+08:00 ] ::1 /pg/index.php/value/calendar?devid=127&postDate=2018-06
ERR: syntax error, unexpected '$currdate' (T_VARIABLE)

[ 2018-06-08T10:21:28+08:00 ] ::1 /pg/index.php/value/calendar?devid=127&postDate=2018-06
ERR: syntax error, unexpected 'GLOBAL' (T_GLOBAL)

[ 2018-06-08T10:21:38+08:00 ] ::1 /pg/index.php/value/calendar?devid=127&postDate=2018-06
ERR: syntax error, unexpected 'GLOBAL' (T_GLOBAL)

[ 2018-06-08T10:21:39+08:00 ] ::1 /pg/index.php/value/calendar?devid=127&postDate=2018-06
ERR: syntax error, unexpected 'GLOBAL' (T_GLOBAL)

[ 2018-06-08T10:21:39+08:00 ] ::1 /pg/index.php/value/calendar?devid=127&postDate=2018-06
ERR: syntax error, unexpected 'GLOBAL' (T_GLOBAL)

[ 2018-06-08T10:21:39+08:00 ] ::1 /pg/index.php/value/calendar?devid=127&postDate=2018-06
ERR: syntax error, unexpected 'GLOBAL' (T_GLOBAL)

[ 2018-06-08T10:22:26+08:00 ] ::1 /pg/index.php/value/calendar?devid=127&postDate=2018-06
ERR: syntax error, unexpected '$currdate' (T_VARIABLE)

[ 2018-06-08T10:22:31+08:00 ] ::1 /pg/index.php/value/calendar?devid=127&postDate=2018-06
ERR: syntax error, unexpected '$currdate' (T_VARIABLE)

[ 2018-06-08T10:26:51+08:00 ] ::1 /pg/index.php/value/calendar?devid=127&postDate=2018-06
ERR: syntax error, unexpected '$currdate' (T_VARIABLE), expecting function (T_FUNCTION) or const (T_CONST)

[ 2018-06-08T10:27:04+08:00 ] ::1 /pg/index.php/value/calendar?devid=127&postDate=2018-06
ERR: syntax error, unexpected 'global' (T_GLOBAL), expecting function (T_FUNCTION) or const (T_CONST)

[ 2018-06-08T10:27:21+08:00 ] ::1 /pg/index.php/value/calendar?devid=127&postDate=2018-06
ERR: syntax error, unexpected 'glob' (T_STRING), expecting function (T_FUNCTION) or const (T_CONST)

[ 2018-06-08T10:27:22+08:00 ] ::1 /pg/index.php/value/calendar?devid=127&postDate=2018-06
ERR: syntax error, unexpected 'glob' (T_STRING), expecting function (T_FUNCTION) or const (T_CONST)

[ 2018-06-08T10:28:02+08:00 ] ::1 /pg/index.php/value/calendar?devid=127&postDate=2018-05-01
ERR: syntax error, unexpected '$currdate' (T_VARIABLE), expecting function (T_FUNCTION) or const (T_CONST)

[ 2018-06-08T10:28:24+08:00 ] ::1 /pg/index.php/value/calendar?devid=127&postDate=2018-05-01
ERR: syntax error, unexpected '$currdate' (T_VARIABLE)

[ 2018-06-08T10:28:36+08:00 ] ::1 /pg/index.php/value/calendar?devid=127&postDate=2018-05-01
ERR: syntax error, unexpected '$currdate' (T_VARIABLE)

[ 2018-06-08T10:28:38+08:00 ] ::1 /pg/index.php/value/calendar?devid=127&postDate=2018-05-01
ERR: syntax error, unexpected '$currdate' (T_VARIABLE)

[ 2018-06-08T10:30:14+08:00 ] ::1 /pg/index.php/value/calendar?devid=127&postDate=2018-05-01
ERR: syntax error, unexpected '$GLOBALS' (T_VARIABLE)

[ 2018-06-08T10:42:32+08:00 ] ::1 /pg/index.php/value/calendar?devid=127&postDate=2018-05-01
ERR: syntax error, unexpected '$currdate' (T_VARIABLE)

[ 2018-06-08T10:42:56+08:00 ] ::1 /pg/index.php/value/calendar?devid=3&postDate=2018-06
ERR: syntax error, unexpected '$currdate' (T_VARIABLE)

[ 2018-06-08T10:44:18+08:00 ] ::1 /pg/index.php/value/calendar?devid=127&postDate=2018-06
ERR: syntax error, unexpected '$GLOBALS' (T_VARIABLE), expecting function (T_FUNCTION) or const (T_CONST)

[ 2018-06-08T10:47:29+08:00 ] ::1 /pg/index.php/value/calendar?devid=127&postDate=2018-05-01
ERR: syntax error, unexpected '$a' (T_VARIABLE)

[ 2018-06-08T10:47:38+08:00 ] ::1 /pg/index.php/value/calendar?devid=127&postDate=2018-05-01
ERR: syntax error, unexpected '$a' (T_VARIABLE)

[ 2018-06-08T10:47:39+08:00 ] ::1 /pg/index.php/value/calendar?devid=127&postDate=2018-05-01
ERR: syntax error, unexpected '$a' (T_VARIABLE)

[ 2018-06-08T10:47:40+08:00 ] ::1 /pg/index.php/value/calendar?devid=127&postDate=2018-05-01
ERR: syntax error, unexpected '$a' (T_VARIABLE)

[ 2018-06-08T10:47:40+08:00 ] ::1 /pg/index.php/value/calendar?devid=127&postDate=2018-05-01
ERR: syntax error, unexpected '$a' (T_VARIABLE)

[ 2018-06-08T10:47:40+08:00 ] ::1 /pg/index.php/value/calendar?devid=127&postDate=2018-05-01
ERR: syntax error, unexpected '$a' (T_VARIABLE)

[ 2018-06-08T10:47:48+08:00 ] ::1 /pg/index.php/value/calendar?devid=127&postDate=2018-05-01
ERR: syntax error, unexpected '$a' (T_VARIABLE)

[ 2018-06-08T10:47:48+08:00 ] ::1 /pg/index.php/value/calendar?devid=127&postDate=2018-05-01
ERR: syntax error, unexpected '$a' (T_VARIABLE)

[ 2018-06-08T10:47:49+08:00 ] ::1 /pg/index.php/value/calendar?devid=127&postDate=2018-05-01
ERR: syntax error, unexpected '$a' (T_VARIABLE)

[ 2018-06-08T10:47:55+08:00 ] ::1 /pg/index.php/value/calendar?devid=127&postDate=2018-05-01
ERR: syntax error, unexpected '$a' (T_VARIABLE)

[ 2018-06-08T10:47:55+08:00 ] ::1 /pg/index.php/value/calendar?devid=127&postDate=2018-05-01
ERR: syntax error, unexpected '$a' (T_VARIABLE)

[ 2018-06-08T10:47:56+08:00 ] ::1 /pg/index.php/value/calendar?devid=127&postDate=2018-05-01
ERR: syntax error, unexpected '$a' (T_VARIABLE)

[ 2018-06-08T10:47:56+08:00 ] ::1 /pg/index.php/value/calendar?devid=127&postDate=2018-05-01
ERR: syntax error, unexpected '$a' (T_VARIABLE)

[ 2018-06-08T10:47:56+08:00 ] ::1 /pg/index.php/value/calendar?devid=127&postDate=2018-05-01
ERR: syntax error, unexpected '$a' (T_VARIABLE)

[ 2018-06-08T10:48:42+08:00 ] ::1 /pg/index.php/value/calendar?devid=127&postDate=2018-05-01
ERR: syntax error, unexpected '$a' (T_VARIABLE)

[ 2018-06-08T10:48:43+08:00 ] ::1 /pg/index.php/value/calendar?devid=127&postDate=2018-05-01
ERR: syntax error, unexpected '$a' (T_VARIABLE)

[ 2018-06-08T10:48:46+08:00 ] ::1 /pg/index.php/value/calendar?devid=103&postDate=2018-06
ERR: syntax error, unexpected '$a' (T_VARIABLE)

[ 2018-06-08T10:48:49+08:00 ] ::1 /pg/index.php/value/calendar?devid=6&postDate=2018-06
ERR: syntax error, unexpected '$a' (T_VARIABLE)

[ 2018-06-08T10:48:58+08:00 ] ::1 /pg/index.php/value/calendar?devid=6&postDate=2018-06
ERR: syntax error, unexpected '$a' (T_VARIABLE)

[ 2018-06-08T10:48:59+08:00 ] ::1 /pg/index.php/value/calendar?devid=6&postDate=2018-06
ERR: syntax error, unexpected '$a' (T_VARIABLE)

[ 2018-06-08T10:48:59+08:00 ] ::1 /pg/index.php/value/calendar?devid=6&postDate=2018-06
ERR: syntax error, unexpected '$a' (T_VARIABLE)

[ 2018-06-08T10:48:59+08:00 ] ::1 /pg/index.php/value/calendar?devid=6&postDate=2018-06
ERR: syntax error, unexpected '$a' (T_VARIABLE)

[ 2018-06-08T10:49:09+08:00 ] ::1 /pg/index.php/value/calendar?devid=6&postDate=2018-06
ERR: syntax error, unexpected '$a' (T_VARIABLE)

[ 2018-06-08T10:49:09+08:00 ] ::1 /pg/index.php/value/calendar?devid=6&postDate=2018-06
ERR: syntax error, unexpected '$a' (T_VARIABLE)

[ 2018-06-08T10:49:09+08:00 ] ::1 /pg/index.php/value/calendar?devid=6&postDate=2018-06
ERR: syntax error, unexpected '$a' (T_VARIABLE)

[ 2018-06-08T10:49:57+08:00 ] ::1 /pg/index.php/value/calendar?devid=6&postDate=2018-06
ERR: syntax error, unexpected '$a' (T_VARIABLE), expecting ',' or ')'

[ 2018-06-08T10:50:03+08:00 ] ::1 /pg/index.php/value/calendar?devid=6&postDate=2018-06
ERR: syntax error, unexpected 'global' (T_GLOBAL)

[ 2018-06-08T10:58:54+08:00 ] ::1 /pg/index.php/value/calendar?devid=3&postDate=2018-06
ERR: Too few arguments to function Think\Controller::show(), 0 passed in F:\Apache24\htdocs\pg\Home\Controller\ValueController.class.php on line 221 and at least 1 expected

[ 2018-06-08T10:58:57+08:00 ] ::1 /pg/index.php/value/calendar?devid=2&postDate=2018-06
ERR: Too few arguments to function Think\Controller::show(), 0 passed in F:\Apache24\htdocs\pg\Home\Controller\ValueController.class.php on line 221 and at least 1 expected

[ 2018-06-08T11:00:46+08:00 ] ::1 /pg/index.php/value/calendar?devid=2&postDate=2018-06
ERR: Think\Controller:dba_fetch方法不存在！

[ 2018-06-08T11:02:28+08:00 ] ::1 /pg/index.php/value/calendar?devid=4&postDate=2018-06
ERR: Unkown resource type '.1"},{"day"'

[ 2018-06-08T11:02:48+08:00 ] ::1 /pg/index.php/value/calendar?devid=4&postDate=2018-06
ERR: Unable to parse resource name ""

[ 2018-06-08T11:25:59+08:00 ] ::1 /pg/index.php/value/calendar?devid=127&postDate=2018-05-01
ERR: syntax error, unexpected '$devid' (T_VARIABLE)

[ 2018-06-08T11:26:02+08:00 ] ::1 /pg/index.php/value/calendar?devid=4&postDate=2018-06
ERR: syntax error, unexpected '$devid' (T_VARIABLE)

[ 2018-06-08T11:30:55+08:00 ] ::1 /pg/index.php/value/calendar?devid=4&postDate=2018-06
ERR: syntax error, unexpected '$this' (T_VARIABLE), expecting function (T_FUNCTION) or const (T_CONST)

[ 2018-06-08T11:31:25+08:00 ] ::1 /pg/index.php/value/calendar?devid=4&postDate=2018-06
ERR: syntax error, unexpected ';'

[ 2018-06-08T14:34:34+08:00 ] ::1 /pg/index.php/value/calendar?devid=3&postDate=2018-06
ERR: syntax error, unexpected ','

[ 2018-06-08T14:35:58+08:00 ] ::1 /pg/index.php/value/calendar?devid=3&postDate=2018-06
ERR: syntax error, unexpected ')'

[ 2018-06-08T14:36:05+08:00 ] ::1 /pg/index.php/value/calendar?devid=3&postDate=2018-06
ERR: syntax error, unexpected ')'

[ 2018-06-08T14:36:06+08:00 ] ::1 /pg/index.php/value/calendar?devid=3&postDate=2018-06
ERR: syntax error, unexpected ')'

[ 2018-06-08T14:36:06+08:00 ] ::1 /pg/index.php/value/calendar?devid=3&postDate=2018-06
ERR: syntax error, unexpected ')'

[ 2018-06-08T14:36:07+08:00 ] ::1 /pg/index.php/value/calendar?devid=3&postDate=2018-06
ERR: syntax error, unexpected ')'

[ 2018-06-08T14:36:07+08:00 ] ::1 /pg/index.php/value/calendar?devid=3&postDate=2018-06
ERR: syntax error, unexpected ')'

[ 2018-06-08T14:36:07+08:00 ] ::1 /pg/index.php/value/calendar?devid=3&postDate=2018-06
ERR: syntax error, unexpected ')'

[ 2018-06-08T14:36:07+08:00 ] ::1 /pg/index.php/value/calendar?devid=3&postDate=2018-06
ERR: syntax error, unexpected ')'

[ 2018-06-08T14:36:13+08:00 ] ::1 /pg/index.php/value/calendar?devid=3&postDate=2018-06
ERR: syntax error, unexpected ')'

[ 2018-06-08T14:36:14+08:00 ] ::1 /pg/index.php/value/calendar?devid=3&postDate=2018-06
ERR: syntax error, unexpected ')'

[ 2018-06-08T14:36:14+08:00 ] ::1 /pg/index.php/value/calendar?devid=3&postDate=2018-06
ERR: syntax error, unexpected ')'

[ 2018-06-08T14:36:14+08:00 ] ::1 /pg/index.php/value/calendar?devid=3&postDate=2018-06
ERR: syntax error, unexpected ')'

[ 2018-06-08T14:42:31+08:00 ] ::1 /pg/index.php/value/calendar?devid=1&postDate=2018-06
ERR: syntax error, unexpected ','

