[ 2018-05-03T10:09:20+08:00 ] ::1 /base/index.php/lib/weui.min.css
ERR: 无法加载控制器:Lib

[ 2018-05-03T10:09:20+08:00 ] ::1 /base/index.php/acadd/css/demos.css
ERR: 非法操作:css

[ 2018-05-03T10:09:20+08:00 ] ::1 /base/index.php/css/jquery-weui.css
ERR: 无法加载控制器:Css

[ 2018-05-03T11:53:32+08:00 ] ::1 /base/index.php/lib/weui.min.css
ERR: 无法加载控制器:Lib

[ 2018-05-03T11:53:32+08:00 ] ::1 /base/index.php/css/jquery-weui.css
ERR: 无法加载控制器:Css

[ 2018-05-03T11:53:32+08:00 ] ::1 /base/index.php/acadd/css/demos.css
ERR: 非法操作:css

[ 2018-05-03T14:07:25+08:00 ] ::1 /base/index.php/lib/weui.min.css
ERR: 无法加载控制器:Lib

[ 2018-05-03T14:07:25+08:00 ] ::1 /base/index.php/css/jquery-weui.css
ERR: 无法加载控制器:Css

[ 2018-05-03T14:07:25+08:00 ] ::1 /base/index.php/acadd/css/demos.css
ERR: 非法操作:css

[ 2018-05-03T15:21:40+08:00 ] ::1 /base/index.php/lib/weui.min.css
ERR: 无法加载控制器:Lib

[ 2018-05-03T15:21:40+08:00 ] ::1 /base/index.php/css/jquery-weui.css
ERR: 无法加载控制器:Css

[ 2018-05-03T15:21:40+08:00 ] ::1 /base/index.php/acadd/css/demos.css
ERR: 非法操作:css

[ 2018-05-03T15:23:11+08:00 ] ::1 /base/index.php/css/jquery-weui.css
ERR: 无法加载控制器:Css

[ 2018-05-03T15:23:11+08:00 ] ::1 /base/index.php/acadd/css/demos.css
ERR: 非法操作:css

[ 2018-05-03T15:23:11+08:00 ] ::1 /base/index.php/lib/weui.min.css
ERR: 无法加载控制器:Lib

[ 2018-05-03T15:27:34+08:00 ] ::1 /base/index.php/css/jquery-weui.css
ERR: 无法加载控制器:Css

[ 2018-05-03T15:27:34+08:00 ] ::1 /base/index.php/lib/weui.min.css
ERR: 无法加载控制器:Lib

[ 2018-05-03T15:27:34+08:00 ] ::1 /base/index.php/acadd/css/demos.css
ERR: 非法操作:css

[ 2018-05-03T15:28:23+08:00 ] ::1 /base/index.php/acadd/css/demos.css
ERR: 非法操作:css

[ 2018-05-03T15:28:23+08:00 ] ::1 /base/index.php/lib/weui.min.css
ERR: 无法加载控制器:Lib

[ 2018-05-03T15:28:23+08:00 ] ::1 /base/index.php/css/jquery-weui.css
ERR: 无法加载控制器:Css

